{"meta": {"format": 3, "version": "7.13.3", "timestamp": "2026-02-07T23:14:08.620386", "branch_coverage": false, "show_contexts": false}, "files": {"src\\taskflow\\api\\app.py": {"executed_lines": [6, 7, 9, 10, 13, 16, 24, 33, 34, 35, 36, 38, 39, 41, 47, 48, 50, 52, 56], "summary": {"covered_lines": 19, "num_statements": 19, "percent_covered": 100.0, "percent_covered_display": "100", "missing_lines": 0, "excluded_lines": 0, "percent_statements_covered": 100.0, "percent_statements_covered_display": "100"}, "missing_lines": [], "excluded_lines": [], "functions": {"create_app": {"executed_lines": [16, 24, 33, 34, 35, 36, 38, 39, 47, 48, 52], "summary": {"covered_lines": 11, "num_statements": 11, "percent_covered": 100.0, "percent_covered_display": "100", "missing_lines": 0, "excluded_lines": 0, "percent_statements_covered": 100.0, "percent_statements_covered_display": "100"}, "missing_lines": [], "excluded_lines": [], "start_line": 13}, "create_app.root": {"executed_lines": [41], "summary": {"covered_lines": 1, "num_statements": 1, "percent_covered": 100.0, "percent_covered_display": "100", "missing_lines": 0, "excluded_lines": 0, "percent_statements_covered": 100.0, "percent_statements_covered_display": "100"}, "missing_lines": [], "excluded_lines": [], "start_line": 39}, "create_app.health": {"executed_lines": [50], "summary": {"covered_lines": 1, "num_statements": 1, "percent_covered": 100.0, "percent_covered_display": "100", "missing_lines": 0, "excluded_lines": 0, "percent_statements_covered": 100.0, "percent_statements_covered_display": "100"}, "missing_lines": [], "excluded_lines": [], "start_line": 48}, "": {"executed_lines": [6, 7, 9, 10, 13, 56], "summary": {"covered_lines": 6, "num_statements": 6, "percent_covered": 100.0, "percent_covered_display": "100", "missing_lines": 0, "excluded_lines": 0, "percent_statements_covered": 100.0, "percent_statements_covered_display": "100"}, "missing_lines": [], "excluded_lines": [], "start_line": 1}}, "classes": {"": {"executed_lines": [6, 7, 9, 10, 13, 16, 24, 33, 34, 35, 36, 38, 39, 41, 47, 48, 50, 52, 56], "summary": {"covered_lines": 19, "num_statements": 19, "percent_covered": 100.0, "percent_covered_display": "100", "missing_lines": 0, "excluded_lines": 0, "percent_statements_covered": 100.0, "percent_statements_covered_display": "100"}, "missing_lines": [], "excluded_lines": [], "start_line": 1}}}, "src\\taskflow\\api\\config.py": {"executed_lines": [6, 9, 13, 14, 15, 18, 21, 22, 23, 26, 28, 29, 30, 33], "summary": {"covered_lines": 14, "num_statements": 14, "percent_covered": 100.0, "percent_covered_display": "100", "missing_lines": 0, "excluded_lines": 0, "percent_statements_covered": 100.0, "percent_statements_covered_display": "100"}, "missing_lines": [], "excluded_lines": [], "functions": {"": {"executed_lines": [6, 9, 13, 14, 15, 18, 21, 22, 23, 26, 28, 29, 30, 33], "summary": {"covered_lines": 14, "num_statements": 14, "percent_covered": 100.0, "percent_covered_display": "100", "missing_lines": 0, "excluded_lines": 0, "percent_statements_covered": 100.0, "percent_statements_covered_display": "100"}, "missing_lines": [], "excluded_lines": [], "start_line": 1}}, "classes": {"Settings": {"executed_lines": [], "summary": {"covered_lines": 0, "num_statements": 0, "percent_covered": 100.0, "percent_covered_display": "100", "missing_lines": 0, "excluded_lines": 0, "percent_statements_covered": 100.0, "percent_statements_covered_display": "100"}, "missing_lines": [], "excluded_lines": [], "start_line": 9}, "Settings.Config": {"executed_lines": [], "summary": {"covered_lines": 0, "num_statements": 0, "percent_covered": 100.0, "percent_covered_display": "100", "missing_lines": 0, "excluded_lines": 0, "percent_statements_covered": 100.0, "percent_statements_covered_display": "100"}, "missing_lines": [], "excluded_lines": [], "start_line": 28}, "": {"executed_lines": [6, 9, 13, 14, 15, 18, 21, 22, 23, 26, 28, 29, 30, 33], "summary": {"covered_lines": 14, "num_statements": 14, "percent_covered": 100.0, "percent_covered_display": "100", "missing_lines": 0, "excluded_lines": 0, "percent_statements_covered": 100.0, "percent_statements_covered_display": "100"}, "missing_lines": [], "excluded_lines": [], "start_line": 1}}}, "src\\taskflow\\api\\dependencies.py": {"executed_lines": [6, 7, 8, 10, 11, 12, 16, 19, 21, 24, 33, 34, 41, 42, 43, 57, 58, 70, 71, 95], "summary": {"covered_lines": 20, "num_statements": 35, "percent_covered": 57.142857142857146, "percent_covered_display": "57", "missing_lines": 15, "excluded_lines": 0, "percent_statements_covered": 57.142857142857146, "percent_statements_covered_display": "57"}, "missing_lines": [44, 49, 50, 63, 64, 65, 78, 79, 80, 86, 87, 92, 99, 100, 101], "excluded_lines": [], "functions": {"get_usuario_repo": {"executed_lines": [21], "summary": {"covered_lines": 1, "num_statements": 1, "percent_covered": 100.0, "percent_covered_display": "100", "missing_lines": 0, "excluded_lines": 0, "percent_statements_covered": 100.0, "percent_statements_covered_display": "100"}, "missing_lines": [], "excluded_lines": [], "start_line": 19}, "get_current_user": {"executed_lines": [33, 34, 41, 42, 43, 57, 58, 70, 71], "summary": {"covered_lines": 9, "num_statements": 21, "percent_covered": 42.857142857142854, "percent_covered_display": "43", "missing_lines": 12, "excluded_lines": 0, "percent_statements_covered": 42.857142857142854, "percent_statements_covered_display": "43"}, "missing_lines": [44, 49, 50, 63, 64, 65, 78, 79, 80, 86, 87, 92], "excluded_lines": [], "start_line": 24}, "get_current_active_user": {"executed_lines": [], "summary": {"covered_lines": 0, "num_statements": 3, "percent_covered": 0.0, "percent_covered_display": "0", "missing_lines": 3, "excluded_lines": 0, "percent_statements_covered": 0.0, "percent_statements_covered_display": "0"}, "missing_lines": [99, 100, 101], "excluded_lines": [], "start_line": 95}, "": {"executed_lines": [6, 7, 8, 10, 11, 12, 16, 19, 24, 95], "summary": {"covered_lines": 10, "num_statements": 10, "percent_covered": 100.0, "percent_covered_display": "100", "missing_lines": 0, "excluded_lines": 0, "percent_statements_covered": 100.0, "percent_statements_covered_display": "100"}, "missing_lines": [], "excluded_lines": [], "start_line": 1}}, "classes": {"": {"executed_lines": [6, 7, 8, 10, 11, 12, 16, 19, 21, 24, 33, 34, 41, 42, 43, 57, 58, 70, 71, 95], "summary": {"covered_lines": 20, "num_statements": 35, "percent_covered": 57.142857142857146, "percent_covered_display": "57", "missing_lines": 15, "excluded_lines": 0, "percent_statements_covered": 57.142857142857146, "percent_statements_covered_display": "57"}, "missing_lines": [44, 49, 50, 63, 64, 65, 78, 79, 80, 86, 87, 92, 99, 100, 101], "excluded_lines": [], "start_line": 1}}}, "src\\taskflow\\api\\routes\\auth.py": {"executed_lines": [11, 12, 13, 15, 16, 22, 23, 24, 25, 26, 29, 30, 33, 34, 46, 48, 49, 50, 58, 59, 65, 66, 75, 77, 78, 79, 80, 87, 88, 93, 108, 109], "summary": {"covered_lines": 32, "num_statements": 33, "percent_covered": 96.96969696969697, "percent_covered_display": "97", "missing_lines": 1, "excluded_lines": 0, "percent_statements_covered": 96.96969696969697, "percent_statements_covered_display": "97"}, "missing_lines": [113], "excluded_lines": [], "functions": {"registro": {"executed_lines": [46, 48, 49, 50, 58, 59], "summary": {"covered_lines": 6, "num_statements": 6, "percent_covered": 100.0, "percent_covered_display": "100", "missing_lines": 0, "excluded_lines": 0, "percent_statements_covered": 100.0, "percent_statements_covered_display": "100"}, "missing_lines": [], "excluded_lines": [], "start_line": 34}, "login": {"executed_lines": [75, 77, 78, 79, 80, 87, 88, 93], "summary": {"covered_lines": 8, "num_statements": 8, "percent_covered": 100.0, "percent_covered_display": "100", "missing_lines": 0, "excluded_lines": 0, "percent_statements_covered": 100.0, "percent_statements_covered_display": "100"}, "missing_lines": [], "excluded_lines": [], "start_line": 66}, "profile": {"executed_lines": [], "summary": {"covered_lines": 0, "num_statements": 1, "percent_covered": 0.0, "percent_covered_display": "0", "missing_lines": 1, "excluded_lines": 0, "percent_statements_covered": 0.0, "percent_statements_covered_display": "0"}, "missing_lines": [113], "excluded_lines": [], "start_line": 109}, "": {"executed_lines": [11, 12, 13, 15, 16, 22, 23, 24, 25, 26, 29, 30, 33, 34, 65, 66, 108, 109], "summary": {"covered_lines": 18, "num_statements": 18, "percent_covered": 100.0, "percent_covered_display": "100", "missing_lines": 0, "excluded_lines": 0, "percent_statements_covered": 100.0, "percent_statements_covered_display": "100"}, "missing_lines": [], "excluded_lines": [], "start_line": 1}}, "classes": {"": {"executed_lines": [11, 12, 13, 15, 16, 22, 23, 24, 25, 26, 29, 30, 33, 34, 46, 48, 49, 50, 58, 59, 65, 66, 75, 77, 78, 79, 80, 87, 88, 93, 108, 109], "summary": {"covered_lines": 32, "num_statements": 33, "percent_covered": 96.96969696969697, "percent_covered_display": "97", "missing_lines": 1, "excluded_lines": 0, "percent_statements_covered": 96.96969696969697, "percent_statements_covered_display": "97"}, "missing_lines": [113], "excluded_lines": [], "start_line": 1}}}, "src\\taskflow\\api\\routes\\proyectos.py": {"executed_lines": [6, 7, 9, 10, 16, 17, 18, 21, 24, 25, 28, 33, 34, 62, 63, 82, 83, 109, 110, 141, 142], "summary": {"covered_lines": 21, "num_statements": 43, "percent_covered": 48.83720930232558, "percent_covered_display": "49", "missing_lines": 22, "excluded_lines": 0, "percent_statements_covered": 48.83720930232558, "percent_statements_covered_display": "49"}, "missing_lines": [30, 44, 45, 46, 55, 56, 70, 71, 91, 92, 93, 102, 103, 119, 120, 125, 134, 135, 150, 151, 152, 153], "excluded_lines": [], "functions": {"get_proyecto_service": {"executed_lines": [], "summary": {"covered_lines": 0, "num_statements": 1, "percent_covered": 0.0, "percent_covered_display": "0", "missing_lines": 1, "excluded_lines": 0, "percent_statements_covered": 0.0, "percent_statements_covered_display": "0"}, "missing_lines": [30], "excluded_lines": [], "start_line": 28}, "crear_proyecto": {"executed_lines": [], "summary": {"covered_lines": 0, "num_statements": 5, "percent_covered": 0.0, "percent_covered_display": "0", "missing_lines": 5, "excluded_lines": 0, "percent_statements_covered": 0.0, "percent_statements_covered_display": "0"}, "missing_lines": [44, 45, 46, 55, 56], "excluded_lines": [], "start_line": 34}, "listar_proyectos": {"executed_lines": [], "summary": {"covered_lines": 0, "num_statements": 2, "percent_covered": 0.0, "percent_covered_display": "0", "missing_lines": 2, "excluded_lines": 0, "percent_statements_covered": 0.0, "percent_statements_covered_display": "0"}, "missing_lines": [70, 71], "excluded_lines": [], "start_line": 63}, "obtener_proyecto": {"executed_lines": [], "summary": {"covered_lines": 0, "num_statements": 5, "percent_covered": 0.0, "percent_covered_display": "0", "missing_lines": 5, "excluded_lines": 0, "percent_statements_covered": 0.0, "percent_statements_covered_display": "0"}, "missing_lines": [91, 92, 93, 102, 103], "excluded_lines": [], "start_line": 83}, "actualizar_proyecto": {"executed_lines": [], "summary": {"covered_lines": 0, "num_statements": 5, "percent_covered": 0.0, "percent_covered_display": "0", "missing_lines": 5, "excluded_lines": 0, "percent_statements_covered": 0.0, "percent_statements_covered_display": "0"}, "missing_lines": [119, 120, 125, 134, 135], "excluded_lines": [], "start_line": 110}, "eliminar_proyecto": {"executed_lines": [], "summary": {"covered_lines": 0, "num_statements": 4, "percent_covered": 0.0, "percent_covered_display": "0", "missing_lines": 4, "excluded_lines": 0, "percent_statements_covered": 0.0, "percent_statements_covered_display": "0"}, "missing_lines": [150, 151, 152, 153], "excluded_lines": [], "start_line": 142}, "": {"executed_lines": [6, 7, 9, 10, 16, 17, 18, 21, 24, 25, 28, 33, 34, 62, 63, 82, 83, 109, 110, 141, 142], "summary": {"covered_lines": 21, "num_statements": 21, "percent_covered": 100.0, "percent_covered_display": "100", "missing_lines": 0, "excluded_lines": 0, "percent_statements_covered": 100.0, "percent_statements_covered_display": "100"}, "missing_lines": [], "excluded_lines": [], "start_line": 1}}, "classes": {"": {"executed_lines": [6, 7, 9, 10, 16, 17, 18, 21, 24, 25, 28, 33, 34, 62, 63, 82, 83, 109, 110, 141, 142], "summary": {"covered_lines": 21, "num_statements": 43, "percent_covered": 48.83720930232558, "percent_covered_display": "49", "missing_lines": 22, "excluded_lines": 0, "percent_statements_covered": 48.83720930232558, "percent_statements_covered_display": "49"}, "missing_lines": [30, 44, 45, 46, 55, 56, 70, 71, 91, 92, 93, 102, 103, 119, 120, 125, 134, 135, 150, 151, 152, 153], "excluded_lines": [], "start_line": 1}}}, "src\\taskflow\\api\\routes\\tareas.py": {"executed_lines": [6, 7, 9, 10, 16, 17, 18, 21, 24, 25, 28, 30, 33, 34, 67, 68, 90, 91, 96, 97, 112, 113, 119, 120, 149, 150, 178, 179, 197, 198], "summary": {"covered_lines": 30, "num_statements": 52, "percent_covered": 57.69230769230769, "percent_covered_display": "58", "missing_lines": 22, "excluded_lines": 0, "percent_statements_covered": 57.69230769230769, "percent_statements_covered_display": "58"}, "missing_lines": [44, 45, 46, 60, 61, 75, 77, 98, 126, 127, 128, 142, 143, 155, 156, 157, 171, 172, 183, 184, 203, 204], "excluded_lines": [], "functions": {"get_tarea_service": {"executed_lines": [30], "summary": {"covered_lines": 1, "num_statements": 1, "percent_covered": 100.0, "percent_covered_display": "100", "missing_lines": 0, "excluded_lines": 0, "percent_statements_covered": 100.0, "percent_statements_covered_display": "100"}, "missing_lines": [], "excluded_lines": [], "start_line": 28}, "crear_tarea": {"executed_lines": [], "summary": {"covered_lines": 0, "num_statements": 5, "percent_covered": 0.0, "percent_covered_display": "0", "missing_lines": 5, "excluded_lines": 0, "percent_statements_covered": 0.0, "percent_statements_covered_display": "0"}, "missing_lines": [44, 45, 46, 60, 61], "excluded_lines": [], "start_line": 34}, "listar_tareas": {"executed_lines": [], "summary": {"covered_lines": 0, "num_statements": 2, "percent_covered": 0.0, "percent_covered_display": "0", "missing_lines": 2, "excluded_lines": 0, "percent_statements_covered": 0.0, "percent_statements_covered_display": "0"}, "missing_lines": [75, 77], "excluded_lines": [], "start_line": 68}, "obtener_tarea": {"executed_lines": [96, 97, 112, 113], "summary": {"covered_lines": 4, "num_statements": 5, "percent_covered": 80.0, "percent_covered_display": "80", "missing_lines": 1, "excluded_lines": 0, "percent_statements_covered": 80.0, "percent_statements_covered_display": "80"}, "missing_lines": [98], "excluded_lines": [], "start_line": 91}, "actualizar_tarea": {"executed_lines": [], "summary": {"covered_lines": 0, "num_statements": 5, "percent_covered": 0.0, "percent_covered_display": "0", "missing_lines": 5, "excluded_lines": 0, "percent_statements_covered": 0.0, "percent_statements_covered_display": "0"}, "missing_lines": [126, 127, 128, 142, 143], "excluded_lines": [], "start_line": 120}, "marcar_completada": {"executed_lines": [], "summary": {"covered_lines": 0, "num_statements": 5, "percent_covered": 0.0, "percent_covered_display": "0", "missing_lines": 5, "excluded_lines": 0, "percent_statements_covered": 0.0, "percent_statements_covered_display": "0"}, "missing_lines": [155, 156, 157, 171, 172], "excluded_lines": [], "start_line": 150}, "listar_vencidas": {"executed_lines": [], "summary": {"covered_lines": 0, "num_statements": 2, "percent_covered": 0.0, "percent_covered_display": "0", "missing_lines": 2, "excluded_lines": 0, "percent_statements_covered": 0.0, "percent_statements_covered_display": "0"}, "missing_lines": [183, 184], "excluded_lines": [], "start_line": 179}, "listar_por_vencer": {"executed_lines": [], "summary": {"covered_lines": 0, "num_statements": 2, "percent_covered": 0.0, "percent_covered_display": "0", "missing_lines": 2, "excluded_lines": 0, "percent_statements_covered": 0.0, "percent_statements_covered_display": "0"}, "missing_lines": [203, 204], "excluded_lines": [], "start_line": 198}, "": {"executed_lines": [6, 7, 9, 10, 16, 17, 18, 21, 24, 25, 28, 33, 34, 67, 68, 90, 91, 119, 120, 149, 150, 178, 179, 197, 198], "summary": {"covered_lines": 25, "num_statements": 25, "percent_covered": 100.0, "percent_covered_display": "100", "missing_lines": 0, "excluded_lines": 0, "percent_statements_covered": 100.0, "percent_statements_covered_display": "100"}, "missing_lines": [], "excluded_lines": [], "start_line": 1}}, "classes": {"": {"executed_lines": [6, 7, 9, 10, 16, 17, 18, 21, 24, 25, 28, 30, 33, 34, 67, 68, 90, 91, 96, 97, 112, 113, 119, 120, 149, 150, 178, 179, 197, 198], "summary": {"covered_lines": 30, "num_statements": 52, "percent_covered": 57.69230769230769, "percent_covered_display": "58", "missing_lines": 22, "excluded_lines": 0, "percent_statements_covered": 57.69230769230769, "percent_statements_covered_display": "58"}, "missing_lines": [44, 45, 46, 60, 61, 75, 77, 98, 126, 127, 128, 142, 143, 155, 156, 157, 171, 172, 183, 184, 203, 204], "excluded_lines": [], "start_line": 1}}}, "src\\taskflow\\api\\routes\\usuarios.py": {"executed_lines": [14, 15, 17, 18, 19, 20, 21, 24, 27, 28, 54, 55, 87, 88, 121, 122, 144, 145, 173, 174], "summary": {"covered_lines": 20, "num_statements": 52, "percent_covered": 38.46153846153846, "percent_covered_display": "38", "missing_lines": 32, "excluded_lines": 0, "percent_statements_covered": 38.46153846153846, "percent_statements_covered_display": "38"}, "missing_lines": [39, 40, 41, 66, 70, 71, 72, 80, 81, 100, 104, 105, 106, 114, 115, 133, 135, 136, 137, 138, 154, 156, 157, 158, 166, 167, 183, 185, 186, 187, 195, 196], "excluded_lines": [], "functions": {"listar_usuarios": {"executed_lines": [], "summary": {"covered_lines": 0, "num_statements": 3, "percent_covered": 0.0, "percent_covered_display": "0", "missing_lines": 3, "excluded_lines": 0, "percent_statements_covered": 0.0, "percent_statements_covered_display": "0"}, "missing_lines": [39, 40, 41], "excluded_lines": [], "start_line": 28}, "obtener_usuario": {"executed_lines": [], "summary": {"covered_lines": 0, "num_statements": 6, "percent_covered": 0.0, "percent_covered_display": "0", "missing_lines": 6, "excluded_lines": 0, "percent_statements_covered": 0.0, "percent_statements_covered_display": "0"}, "missing_lines": [66, 70, 71, 72, 80, 81], "excluded_lines": [], "start_line": 55}, "actualizar_usuario": {"executed_lines": [], "summary": {"covered_lines": 0, "num_statements": 6, "percent_covered": 0.0, "percent_covered_display": "0", "missing_lines": 6, "excluded_lines": 0, "percent_statements_covered": 0.0, "percent_statements_covered_display": "0"}, "missing_lines": [100, 104, 105, 106, 114, 115], "excluded_lines": [], "start_line": 88}, "eliminar_usuario": {"executed_lines": [], "summary": {"covered_lines": 0, "num_statements": 5, "percent_covered": 0.0, "percent_covered_display": "0", "missing_lines": 5, "excluded_lines": 0, "percent_statements_covered": 0.0, "percent_statements_covered_display": "0"}, "missing_lines": [133, 135, 136, 137, 138], "excluded_lines": [], "start_line": 122}, "activar_usuario": {"executed_lines": [], "summary": {"covered_lines": 0, "num_statements": 6, "percent_covered": 0.0, "percent_covered_display": "0", "missing_lines": 6, "excluded_lines": 0, "percent_statements_covered": 0.0, "percent_statements_covered_display": "0"}, "missing_lines": [154, 156, 157, 158, 166, 167], "excluded_lines": [], "start_line": 145}, "desactivar_usuario": {"executed_lines": [], "summary": {"covered_lines": 0, "num_statements": 6, "percent_covered": 0.0, "percent_covered_display": "0", "missing_lines": 6, "excluded_lines": 0, "percent_statements_covered": 0.0, "percent_statements_covered_display": "0"}, "missing_lines": [183, 185, 186, 187, 195, 196], "excluded_lines": [], "start_line": 174}, "": {"executed_lines": [14, 15, 17, 18, 19, 20, 21, 24, 27, 28, 54, 55, 87, 88, 121, 122, 144, 145, 173, 174], "summary": {"covered_lines": 20, "num_statements": 20, "percent_covered": 100.0, "percent_covered_display": "100", "missing_lines": 0, "excluded_lines": 0, "percent_statements_covered": 100.0, "percent_statements_covered_display": "100"}, "missing_lines": [], "excluded_lines": [], "start_line": 1}}, "classes": {"": {"executed_lines": [14, 15, 17, 18, 19, 20, 21, 24, 27, 28, 54, 55, 87, 88, 121, 122, 144, 145, 173, 174], "summary": {"covered_lines": 20, "num_statements": 52, "percent_covered": 38.46153846153846, "percent_covered_display": "38", "missing_lines": 32, "excluded_lines": 0, "percent_statements_covered": 38.46153846153846, "percent_statements_covered_display": "38"}, "missing_lines": [39, 40, 41, 66, 70, 71, 72, 80, 81, 100, 104, 105, 106, 114, 115, 133, 135, 136, 137, 138, 154, 156, 157, 158, 166, 167, 183, 185, 186, 187, 195, 196], "excluded_lines": [], "start_line": 1}}}, "src\\taskflow\\api\\security.py": {"executed_lines": [6, 7, 8, 9, 11, 14, 17, 19, 21, 22, 26, 27, 29, 32, 37], "summary": {"covered_lines": 15, "num_statements": 18, "percent_covered": 83.33333333333333, "percent_covered_display": "83", "missing_lines": 3, "excluded_lines": 0, "percent_statements_covered": 83.33333333333333, "percent_statements_covered_display": "83"}, "missing_lines": [24, 34, 39], "excluded_lines": [], "functions": {"create_access_token": {"executed_lines": [19, 21, 22, 26, 27, 29], "summary": {"covered_lines": 6, "num_statements": 7, "percent_covered": 85.71428571428571, "percent_covered_display": "86", "missing_lines": 1, "excluded_lines": 0, "percent_statements_covered": 85.71428571428571, "percent_statements_covered_display": "86"}, "missing_lines": [24], "excluded_lines": [], "start_line": 17}, "verify_password": {"executed_lines": [], "summary": {"covered_lines": 0, "num_statements": 1, "percent_covered": 0.0, "percent_covered_display": "0", "missing_lines": 1, "excluded_lines": 0, "percent_statements_covered": 0.0, "percent_statements_covered_display": "0"}, "missing_lines": [34], "excluded_lines": [], "start_line": 32}, "get_password_hash": {"executed_lines": [], "summary": {"covered_lines": 0, "num_statements": 1, "percent_covered": 0.0, "percent_covered_display": "0", "missing_lines": 1, "excluded_lines": 0, "percent_statements_covered": 0.0, "percent_statements_covered_display": "0"}, "missing_lines": [39], "excluded_lines": [], "start_line": 37}, "": {"executed_lines": [6, 7, 8, 9, 11, 14, 17, 32, 37], "summary": {"covered_lines": 9, "num_statements": 9, "percent_covered": 100.0, "percent_covered_display": "100", "missing_lines": 0, "excluded_lines": 0, "percent_statements_covered": 100.0, "percent_statements_covered_display": "100"}, "missing_lines": [], "excluded_lines": [], "start_line": 1}}, "classes": {"": {"executed_lines": [6, 7, 8, 9, 11, 14, 17, 19, 21, 22, 26, 27, 29, 32, 37], "summary": {"covered_lines": 15, "num_statements": 18, "percent_covered": 83.33333333333333, "percent_covered_display": "83", "missing_lines": 3, "excluded_lines": 0, "percent_statements_covered": 83.33333333333333, "percent_statements_covered_display": "83"}, "missing_lines": [24, 34, 39], "excluded_lines": [], "start_line": 1}}}, "src\\taskflow\\models\\comentario.py": {"executed_lines": [6, 7, 8, 11, 12, 33, 34, 35, 36, 37, 39, 46, 48, 49, 51, 52, 54, 56, 58, 60, 61, 74, 75, 76, 78, 88, 89, 90, 92, 99, 100, 106, 118], "summary": {"covered_lines": 33, "num_statements": 33, "percent_covered": 100.0, "percent_covered_display": "100", "missing_lines": 0, "excluded_lines": 3, "percent_statements_covered": 100.0, "percent_statements_covered_display": "100"}, "missing_lines": [], "excluded_lines": [102, 103, 104], "functions": {"Comentario.validar": {"executed_lines": [46, 48, 49, 51, 52, 54], "summary": {"covered_lines": 6, "num_statements": 6, "percent_covered": 100.0, "percent_covered_display": "100", "missing_lines": 0, "excluded_lines": 0, "percent_statements_covered": 100.0, "percent_statements_covered_display": "100"}, "missing_lines": [], "excluded_lines": [], "start_line": 39}, "Comentario.es_valido": {"executed_lines": [58], "summary": {"covered_lines": 1, "num_statements": 1, "percent_covered": 100.0, "percent_covered_display": "100", "missing_lines": 0, "excluded_lines": 0, "percent_statements_covered": 100.0, "percent_statements_covered_display": "100"}, "missing_lines": [], "excluded_lines": [], "start_line": 56}, "Comentario.contenido_corto": {"executed_lines": [74, 75, 76], "summary": {"covered_lines": 3, "num_statements": 3, "percent_covered": 100.0, "percent_covered_display": "100", "missing_lines": 0, "excluded_lines": 0, "percent_statements_covered": 100.0, "percent_statements_covered_display": "100"}, "missing_lines": [], "excluded_lines": [], "start_line": 61}, "Comentario.editar": {"executed_lines": [88, 89, 90], "summary": {"covered_lines": 3, "num_statements": 3, "percent_covered": 100.0, "percent_covered_display": "100", "missing_lines": 0, "excluded_lines": 0, "percent_statements_covered": 100.0, "percent_statements_covered_display": "100"}, "missing_lines": [], "excluded_lines": [], "start_line": 78}, "Comentario.__str__": {"executed_lines": [99, 100], "summary": {"covered_lines": 2, "num_statements": 2, "percent_covered": 100.0, "percent_covered_display": "100", "missing_lines": 0, "excluded_lines": 0, "percent_statements_covered": 100.0, "percent_statements_covered_display": "100"}, "missing_lines": [], "excluded_lines": [], "start_line": 92}, "Comentario.__repr__": {"executed_lines": [], "summary": {"covered_lines": 0, "num_statements": 0, "percent_covered": 100.0, "percent_covered_display": "100", "missing_lines": 0, "excluded_lines": 2, "percent_statements_covered": 100.0, "percent_statements_covered_display": "100"}, "missing_lines": [], "excluded_lines": [103, 104], "start_line": 102}, "Comentario.__len__": {"executed_lines": [118], "summary": {"covered_lines": 1, "num_statements": 1, "percent_covered": 100.0, "percent_covered_display": "100", "missing_lines": 0, "excluded_lines": 0, "percent_statements_covered": 100.0, "percent_statements_covered_display": "100"}, "missing_lines": [], "excluded_lines": [], "start_line": 106}, "": {"executed_lines": [6, 7, 8, 11, 12, 33, 34, 35, 36, 37, 39, 56, 60, 61, 78, 92, 106], "summary": {"covered_lines": 17, "num_statements": 17, "percent_covered": 100.0, "percent_covered_display": "100", "missing_lines": 0, "excluded_lines": 1, "percent_statements_covered": 100.0, "percent_statements_covered_display": "100"}, "missing_lines": [], "excluded_lines": [102], "start_line": 1}}, "classes": {"Comentario": {"executed_lines": [46, 48, 49, 51, 52, 54, 58, 74, 75, 76, 88, 89, 90, 99, 100, 118], "summary": {"covered_lines": 16, "num_statements": 16, "percent_covered": 100.0, "percent_covered_display": "100", "missing_lines": 0, "excluded_lines": 2, "percent_statements_covered": 100.0, "percent_statements_covered_display": "100"}, "missing_lines": [], "excluded_lines": [103, 104], "start_line": 12}, "": {"executed_lines": [6, 7, 8, 11, 12, 33, 34, 35, 36, 37, 39, 56, 60, 61, 78, 92, 106], "summary": {"covered_lines": 17, "num_statements": 17, "percent_covered": 100.0, "percent_covered_display": "100", "missing_lines": 0, "excluded_lines": 1, "percent_statements_covered": 100.0, "percent_statements_covered_display": "100"}, "missing_lines": [], "excluded_lines": [102], "start_line": 1}}}, "src\\taskflow\\models\\proyecto.py": {"executed_lines": [6, 7, 8, 9, 12, 14, 15, 16, 19, 20, 43, 44, 45, 46, 47, 48, 49, 51, 58, 60, 61, 63, 64, 66, 67, 69, 71, 75, 97, 98, 100, 102, 104, 106, 108, 110, 111, 113, 115, 116, 118, 120, 121, 123, 125], "summary": {"covered_lines": 45, "num_statements": 46, "percent_covered": 97.82608695652173, "percent_covered_display": "98", "missing_lines": 1, "excluded_lines": 3, "percent_statements_covered": 97.82608695652173, "percent_statements_covered_display": "98"}, "missing_lines": [73], "excluded_lines": [127, 128, 129], "functions": {"Proyecto.validar": {"executed_lines": [58, 60, 61, 63, 64, 66, 67, 69], "summary": {"covered_lines": 8, "num_statements": 8, "percent_covered": 100.0, "percent_covered_display": "100", "missing_lines": 0, "excluded_lines": 0, "percent_statements_covered": 100.0, "percent_statements_covered_display": "100"}, "missing_lines": [], "excluded_lines": [], "start_line": 51}, "Proyecto.es_valido": {"executed_lines": [], "summary": {"covered_lines": 0, "num_statements": 1, "percent_covered": 0.0, "percent_covered_display": "0", "missing_lines": 1, "excluded_lines": 0, "percent_statements_covered": 0.0, "percent_statements_covered_display": "0"}, "missing_lines": [73], "excluded_lines": [], "start_line": 71}, "Proyecto.agregar_tarea": {"executed_lines": [97, 98], "summary": {"covered_lines": 2, "num_statements": 2, "percent_covered": 100.0, "percent_covered_display": "100", "missing_lines": 0, "excluded_lines": 0, "percent_statements_covered": 100.0, "percent_statements_covered_display": "100"}, "missing_lines": [], "excluded_lines": [], "start_line": 75}, "Proyecto.esta_activo": {"executed_lines": [102], "summary": {"covered_lines": 1, "num_statements": 1, "percent_covered": 100.0, "percent_covered_display": "100", "missing_lines": 0, "excluded_lines": 0, "percent_statements_covered": 100.0, "percent_statements_covered_display": "100"}, "missing_lines": [], "excluded_lines": [], "start_line": 100}, "Proyecto.esta_completado": {"executed_lines": [106], "summary": {"covered_lines": 1, "num_statements": 1, "percent_covered": 100.0, "percent_covered_display": "100", "missing_lines": 0, "excluded_lines": 0, "percent_statements_covered": 100.0, "percent_statements_covered_display": "100"}, "missing_lines": [], "excluded_lines": [], "start_line": 104}, "Proyecto.archivar": {"executed_lines": [110, 111], "summary": {"covered_lines": 2, "num_statements": 2, "percent_covered": 100.0, "percent_covered_display": "100", "missing_lines": 0, "excluded_lines": 0, "percent_statements_covered": 100.0, "percent_statements_covered_display": "100"}, "missing_lines": [], "excluded_lines": [], "start_line": 108}, "Proyecto.completar": {"executed_lines": [115, 116], "summary": {"covered_lines": 2, "num_statements": 2, "percent_covered": 100.0, "percent_covered_display": "100", "missing_lines": 0, "excluded_lines": 0, "percent_statements_covered": 100.0, "percent_statements_covered_display": "100"}, "missing_lines": [], "excluded_lines": [], "start_line": 113}, "Proyecto.reactivar": {"executed_lines": [120, 121], "summary": {"covered_lines": 2, "num_statements": 2, "percent_covered": 100.0, "percent_covered_display": "100", "missing_lines": 0, "excluded_lines": 0, "percent_statements_covered": 100.0, "percent_statements_covered_display": "100"}, "missing_lines": [], "excluded_lines": [], "start_line": 118}, "Proyecto.__str__": {"executed_lines": [125], "summary": {"covered_lines": 1, "num_statements": 1, "percent_covered": 100.0, "percent_covered_display": "100", "missing_lines": 0, "excluded_lines": 0, "percent_statements_covered": 100.0, "percent_statements_covered_display": "100"}, "missing_lines": [], "excluded_lines": [], "start_line": 123}, "Proyecto.__repr__": {"executed_lines": [], "summary": {"covered_lines": 0, "num_statements": 0, "percent_covered": 100.0, "percent_covered_display": "100", "missing_lines": 0, "excluded_lines": 2, "percent_statements_covered": 100.0, "percent_statements_covered_display": "100"}, "missing_lines": [], "excluded_lines": [128, 129], "start_line": 127}, "": {"executed_lines": [6, 7, 8, 9, 12, 14, 15, 16, 19, 20, 43, 44, 45, 46, 47, 48, 49, 51, 71, 75, 100, 104, 108, 113, 118, 123], "summary": {"covered_lines": 26, "num_statements": 26, "percent_covered": 100.0, "percent_covered_display": "100", "missing_lines": 0, "excluded_lines": 1, "percent_statements_covered": 100.0, "percent_statements_covered_display": "100"}, "missing_lines": [], "excluded_lines": [127], "start_line": 1}}, "classes": {"EstadoProyecto": {"executed_lines": [], "summary": {"covered_lines": 0, "num_statements": 0, "percent_covered": 100.0, "percent_covered_display": "100", "missing_lines": 0, "excluded_lines": 0, "percent_statements_covered": 100.0, "percent_statements_covered_display": "100"}, "missing_lines": [], "excluded_lines": [], "start_line": 12}, "Proyecto": {"executed_lines": [58, 60, 61, 63, 64, 66, 67, 69, 97, 98, 102, 106, 110, 111, 115, 116, 120, 121, 125], "summary": {"covered_lines": 19, "num_statements": 20, "percent_covered": 95.0, "percent_covered_display": "95", "missing_lines": 1, "excluded_lines": 2, "percent_statements_covered": 95.0, "percent_statements_covered_display": "95"}, "missing_lines": [73], "excluded_lines": [128, 129], "start_line": 20}, "": {"executed_lines": [6, 7, 8, 9, 12, 14, 15, 16, 19, 20, 43, 44, 45, 46, 47, 48, 49, 51, 71, 75, 100, 104, 108, 113, 118, 123], "summary": {"covered_lines": 26, "num_statements": 26, "percent_covered": 100.0, "percent_covered_display": "100", "missing_lines": 0, "excluded_lines": 1, "percent_statements_covered": 100.0, "percent_statements_covered_display": "100"}, "missing_lines": [], "excluded_lines": [127], "start_line": 1}}}, "src\\taskflow\\models\\tarea.py": {"executed_lines": [6, 7, 8, 9, 12, 14, 15, 16, 17, 20, 22, 23, 24, 25, 28, 29, 57, 58, 59, 60, 61, 62, 63, 64, 65, 66, 67, 68, 70, 77, 79, 80, 82, 83, 85, 86, 88, 90, 92, 94, 96, 98, 100, 102, 104, 106, 108, 109, 111, 113, 114, 116, 118, 120, 122, 123, 124, 126, 128, 135, 154, 160, 162, 164, 166, 168, 170, 174, 176, 178, 180, 182, 184], "summary": {"covered_lines": 73, "num_statements": 76, "percent_covered": 96.05263157894737, "percent_covered_display": "96", "missing_lines": 3, "excluded_lines": 3, "percent_statements_covered": 96.05263157894737, "percent_statements_covered_display": "96"}, "missing_lines": [172, 177, 183], "excluded_lines": [130, 131, 132], "functions": {"Tarea.validar": {"executed_lines": [77, 79, 80, 82, 83, 85, 86, 88], "summary": {"covered_lines": 8, "num_statements": 8, "percent_covered": 100.0, "percent_covered_display": "100", "missing_lines": 0, "excluded_lines": 0, "percent_statements_covered": 100.0, "percent_statements_covered_display": "100"}, "missing_lines": [], "excluded_lines": [], "start_line": 70}, "Tarea.es_valida": {"executed_lines": [92], "summary": {"covered_lines": 1, "num_statements": 1, "percent_covered": 100.0, "percent_covered_display": "100", "missing_lines": 0, "excluded_lines": 0, "percent_statements_covered": 100.0, "percent_statements_covered_display": "100"}, "missing_lines": [], "excluded_lines": [], "start_line": 90}, "Tarea.esta_pendiente": {"executed_lines": [96], "summary": {"covered_lines": 1, "num_statements": 1, "percent_covered": 100.0, "percent_covered_display": "100", "missing_lines": 0, "excluded_lines": 0, "percent_statements_covered": 100.0, "percent_statements_covered_display": "100"}, "missing_lines": [], "excluded_lines": [], "start_line": 94}, "Tarea.esta_en_progreso": {"executed_lines": [100], "summary": {"covered_lines": 1, "num_statements": 1, "percent_covered": 100.0, "percent_covered_display": "100", "missing_lines": 0, "excluded_lines": 0, "percent_statements_covered": 100.0, "percent_statements_covered_display": "100"}, "missing_lines": [], "excluded_lines": [], "start_line": 98}, "Tarea.esta_completada": {"executed_lines": [104], "summary": {"covered_lines": 1, "num_statements": 1, "percent_covered": 100.0, "percent_covered_display": "100", "missing_lines": 0, "excluded_lines": 0, "percent_statements_covered": 100.0, "percent_statements_covered_display": "100"}, "missing_lines": [], "excluded_lines": [], "start_line": 102}, "Tarea.iniciar": {"executed_lines": [108, 109], "summary": {"covered_lines": 2, "num_statements": 2, "percent_covered": 100.0, "percent_covered_display": "100", "missing_lines": 0, "excluded_lines": 0, "percent_statements_covered": 100.0, "percent_statements_covered_display": "100"}, "missing_lines": [], "excluded_lines": [], "start_line": 106}, "Tarea.completar": {"executed_lines": [113, 114], "summary": {"covered_lines": 2, "num_statements": 2, "percent_covered": 100.0, "percent_covered_display": "100", "missing_lines": 0, "excluded_lines": 0, "percent_statements_covered": 100.0, "percent_statements_covered_display": "100"}, "missing_lines": [], "excluded_lines": [], "start_line": 111}, "Tarea.cancelar": {"executed_lines": [118], "summary": {"covered_lines": 1, "num_statements": 1, "percent_covered": 100.0, "percent_covered_display": "100", "missing_lines": 0, "excluded_lines": 0, "percent_statements_covered": 100.0, "percent_statements_covered_display": "100"}, "missing_lines": [], "excluded_lines": [], "start_line": 116}, "Tarea.esta_vencida": {"executed_lines": [122, 123, 124], "summary": {"covered_lines": 3, "num_statements": 3, "percent_covered": 100.0, "percent_covered_display": "100", "missing_lines": 0, "excluded_lines": 0, "percent_statements_covered": 100.0, "percent_statements_covered_display": "100"}, "missing_lines": [], "excluded_lines": [], "start_line": 120}, "Tarea.__str__": {"executed_lines": [128], "summary": {"covered_lines": 1, "num_statements": 1, "percent_covered": 100.0, "percent_covered_display": "100", "missing_lines": 0, "excluded_lines": 0, "percent_statements_covered": 100.0, "percent_statements_covered_display": "100"}, "missing_lines": [], "excluded_lines": [], "start_line": 126}, "Tarea.__repr__": {"executed_lines": [], "summary": {"covered_lines": 0, "num_statements": 0, "percent_covered": 100.0, "percent_covered_display": "100", "missing_lines": 0, "excluded_lines": 2, "percent_statements_covered": 100.0, "percent_statements_covered_display": "100"}, "missing_lines": [], "excluded_lines": [131, 132], "start_line": 130}, "Tarea.__lt__": {"executed_lines": [154, 160], "summary": {"covered_lines": 2, "num_statements": 2, "percent_covered": 100.0, "percent_covered_display": "100", "missing_lines": 0, "excluded_lines": 0, "percent_statements_covered": 100.0, "percent_statements_covered_display": "100"}, "missing_lines": [], "excluded_lines": [], "start_line": 135}, "Tarea.__le__": {"executed_lines": [164], "summary": {"covered_lines": 1, "num_statements": 1, "percent_covered": 100.0, "percent_covered_display": "100", "missing_lines": 0, "excluded_lines": 0, "percent_statements_covered": 100.0, "percent_statements_covered_display": "100"}, "missing_lines": [], "excluded_lines": [], "start_line": 162}, "Tarea.__gt__": {"executed_lines": [168], "summary": {"covered_lines": 1, "num_statements": 1, "percent_covered": 100.0, "percent_covered_display": "100", "missing_lines": 0, "excluded_lines": 0, "percent_statements_covered": 100.0, "percent_statements_covered_display": "100"}, "missing_lines": [], "excluded_lines": [], "start_line": 166}, "Tarea.__ge__": {"executed_lines": [], "summary": {"covered_lines": 0, "num_statements": 1, "percent_covered": 0.0, "percent_covered_display": "0", "missing_lines": 1, "excluded_lines": 0, "percent_statements_covered": 0.0, "percent_statements_covered_display": "0"}, "missing_lines": [172], "excluded_lines": [], "start_line": 170}, "Tarea.__eq__": {"executed_lines": [176, 178], "summary": {"covered_lines": 2, "num_statements": 3, "percent_covered": 66.66666666666667, "percent_covered_display": "67", "missing_lines": 1, "excluded_lines": 0, "percent_statements_covered": 66.66666666666667, "percent_statements_covered_display": "67"}, "missing_lines": [177], "excluded_lines": [], "start_line": 174}, "Tarea.__ne__": {"executed_lines": [182, 184], "summary": {"covered_lines": 2, "num_statements": 3, "percent_covered": 66.66666666666667, "percent_covered_display": "67", "missing_lines": 1, "excluded_lines": 0, "percent_statements_covered": 66.66666666666667, "percent_statements_covered_display": "67"}, "missing_lines": [183], "excluded_lines": [], "start_line": 180}, "": {"executed_lines": [6, 7, 8, 9, 12, 14, 15, 16, 17, 20, 22, 23, 24, 25, 28, 29, 57, 58, 59, 60, 61, 62, 63, 64, 65, 66, 67, 68, 70, 90, 94, 98, 102, 106, 111, 116, 120, 126, 135, 162, 166, 170, 174, 180], "summary": {"covered_lines": 44, "num_statements": 44, "percent_covered": 100.0, "percent_covered_display": "100", "missing_lines": 0, "excluded_lines": 1, "percent_statements_covered": 100.0, "percent_statements_covered_display": "100"}, "missing_lines": [], "excluded_lines": [130], "start_line": 1}}, "classes": {"EstadoTarea": {"executed_lines": [], "summary": {"covered_lines": 0, "num_statements": 0, "percent_covered": 100.0, "percent_covered_display": "100", "missing_lines": 0, "excluded_lines": 0, "percent_statements_covered": 100.0, "percent_statements_covered_display": "100"}, "missing_lines": [], "excluded_lines": [], "start_line": 12}, "PrioridadTarea": {"executed_lines": [], "summary": {"covered_lines": 0, "num_statements": 0, "percent_covered": 100.0, "percent_covered_display": "100", "missing_lines": 0, "excluded_lines": 0, "percent_statements_covered": 100.0, "percent_statements_covered_display": "100"}, "missing_lines": [], "excluded_lines": [], "start_line": 20}, "Tarea": {"executed_lines": [77, 79, 80, 82, 83, 85, 86, 88, 92, 96, 100, 104, 108, 109, 113, 114, 118, 122, 123, 124, 128, 154, 160, 164, 168, 176, 178, 182, 184], "summary": {"covered_lines": 29, "num_statements": 32, "percent_covered": 90.625, "percent_covered_display": "91", "missing_lines": 3, "excluded_lines": 2, "percent_statements_covered": 90.625, "percent_statements_covered_display": "91"}, "missing_lines": [172, 177, 183], "excluded_lines": [131, 132], "start_line": 29}, "": {"executed_lines": [6, 7, 8, 9, 12, 14, 15, 16, 17, 20, 22, 23, 24, 25, 28, 29, 57, 58, 59, 60, 61, 62, 63, 64, 65, 66, 67, 68, 70, 90, 94, 98, 102, 106, 111, 116, 120, 126, 135, 162, 166, 170, 174, 180], "summary": {"covered_lines": 44, "num_statements": 44, "percent_covered": 100.0, "percent_covered_display": "100", "missing_lines": 0, "excluded_lines": 1, "percent_statements_covered": 100.0, "percent_statements_covered_display": "100"}, "missing_lines": [], "excluded_lines": [130], "start_line": 1}}}, "src\\taskflow\\models\\usuario.py": {"executed_lines": [6, 7, 8, 9, 12, 14, 15, 16, 19, 20, 44, 45, 46, 47, 48, 49, 50, 51, 53, 60, 62, 63, 65, 66, 68, 69, 71, 72, 74, 76, 78, 80, 82, 83, 85, 87, 88, 90, 92, 93, 95, 97, 99, 101, 108, 109, 111, 112, 113, 114, 117, 118, 120, 121, 122, 123, 124, 125], "summary": {"covered_lines": 58, "num_statements": 58, "percent_covered": 100.0, "percent_covered_display": "100", "missing_lines": 0, "excluded_lines": 3, "percent_statements_covered": 100.0, "percent_statements_covered_display": "100"}, "missing_lines": [], "excluded_lines": [103, 104, 105], "functions": {"Usuario.validar": {"executed_lines": [60, 62, 63, 65, 66, 68, 69, 71, 72, 74], "summary": {"covered_lines": 10, "num_statements": 10, "percent_covered": 100.0, "percent_covered_display": "100", "missing_lines": 0, "excluded_lines": 0, "percent_statements_covered": 100.0, "percent_statements_covered_display": "100"}, "missing_lines": [], "excluded_lines": [], "start_line": 53}, "Usuario.es_valido": {"executed_lines": [78], "summary": {"covered_lines": 1, "num_statements": 1, "percent_covered": 100.0, "percent_covered_display": "100", "missing_lines": 0, "excluded_lines": 0, "percent_statements_covered": 100.0, "percent_statements_covered_display": "100"}, "missing_lines": [], "excluded_lines": [], "start_line": 76}, "Usuario.activar": {"executed_lines": [82, 83], "summary": {"covered_lines": 2, "num_statements": 2, "percent_covered": 100.0, "percent_covered_display": "100", "missing_lines": 0, "excluded_lines": 0, "percent_statements_covered": 100.0, "percent_statements_covered_display": "100"}, "missing_lines": [], "excluded_lines": [], "start_line": 80}, "Usuario.desactivar": {"executed_lines": [87, 88], "summary": {"covered_lines": 2, "num_statements": 2, "percent_covered": 100.0, "percent_covered_display": "100", "missing_lines": 0, "excluded_lines": 0, "percent_statements_covered": 100.0, "percent_statements_covered_display": "100"}, "missing_lines": [], "excluded_lines": [], "start_line": 85}, "Usuario.suspender": {"executed_lines": [92, 93], "summary": {"covered_lines": 2, "num_statements": 2, "percent_covered": 100.0, "percent_covered_display": "100", "missing_lines": 0, "excluded_lines": 0, "percent_statements_covered": 100.0, "percent_statements_covered_display": "100"}, "missing_lines": [], "excluded_lines": [], "start_line": 90}, "Usuario.esta_activo": {"executed_lines": [97], "summary": {"covered_lines": 1, "num_statements": 1, "percent_covered": 100.0, "percent_covered_display": "100", "missing_lines": 0, "excluded_lines": 0, "percent_statements_covered": 100.0, "percent_statements_covered_display": "100"}, "missing_lines": [], "excluded_lines": [], "start_line": 95}, "Usuario.__str__": {"executed_lines": [101], "summary": {"covered_lines": 1, "num_statements": 1, "percent_covered": 100.0, "percent_covered_display": "100", "missing_lines": 0, "excluded_lines": 0, "percent_statements_covered": 100.0, "percent_statements_covered_display": "100"}, "missing_lines": [], "excluded_lines": [], "start_line": 99}, "Usuario.__repr__": {"executed_lines": [], "summary": {"covered_lines": 0, "num_statements": 0, "percent_covered": 100.0, "percent_covered_display": "100", "missing_lines": 0, "excluded_lines": 2, "percent_statements_covered": 100.0, "percent_statements_covered_display": "100"}, "missing_lines": [], "excluded_lines": [104, 105], "start_line": 103}, "": {"executed_lines": [6, 7, 8, 9, 12, 14, 15, 16, 19, 20, 44, 45, 46, 47, 48, 49, 50, 51, 53, 76, 80, 85, 90, 95, 99, 108, 109, 111, 112, 113, 114, 117, 118, 120, 121, 122, 123, 124, 125], "summary": {"covered_lines": 39, "num_statements": 39, "percent_covered": 100.0, "percent_covered_display": "100", "missing_lines": 0, "excluded_lines": 1, "percent_statements_covered": 100.0, "percent_statements_covered_display": "100"}, "missing_lines": [], "excluded_lines": [103], "start_line": 1}}, "classes": {"EstadoUsuario": {"executed_lines": [], "summary": {"covered_lines": 0, "num_statements": 0, "percent_covered": 100.0, "percent_covered_display": "100", "missing_lines": 0, "excluded_lines": 0, "percent_statements_covered": 100.0, "percent_statements_covered_display": "100"}, "missing_lines": [], "excluded_lines": [], "start_line": 12}, "Usuario": {"executed_lines": [60, 62, 63, 65, 66, 68, 69, 71, 72, 74, 78, 82, 83, 87, 88, 92, 93, 97, 101], "summary": {"covered_lines": 19, "num_statements": 19, "percent_covered": 100.0, "percent_covered_display": "100", "missing_lines": 0, "excluded_lines": 2, "percent_statements_covered": 100.0, "percent_statements_covered_display": "100"}, "missing_lines": [], "excluded_lines": [104, 105], "start_line": 20}, "UsuarioCreacion": {"executed_lines": [], "summary": {"covered_lines": 0, "num_statements": 0, "percent_covered": 100.0, "percent_covered_display": "100", "missing_lines": 0, "excluded_lines": 0, "percent_statements_covered": 100.0, "percent_statements_covered_display": "100"}, "missing_lines": [], "excluded_lines": [], "start_line": 109}, "UsuarioRespuesta": {"executed_lines": [], "summary": {"covered_lines": 0, "num_statements": 0, "percent_covered": 100.0, "percent_covered_display": "100", "missing_lines": 0, "excluded_lines": 0, "percent_statements_covered": 100.0, "percent_statements_covered_display": "100"}, "missing_lines": [], "excluded_lines": [], "start_line": 118}, "": {"executed_lines": [6, 7, 8, 9, 12, 14, 15, 16, 19, 20, 44, 45, 46, 47, 48, 49, 50, 51, 53, 76, 80, 85, 90, 95, 99, 108, 109, 111, 112, 113, 114, 117, 118, 120, 121, 122, 123, 124, 125], "summary": {"covered_lines": 39, "num_statements": 39, "percent_covered": 100.0, "percent_covered_display": "100", "missing_lines": 0, "excluded_lines": 1, "percent_statements_covered": 100.0, "percent_statements_covered_display": "100"}, "missing_lines": [], "excluded_lines": [103], "start_line": 1}}}, "src\\taskflow\\repositories\\base.py": {"executed_lines": [6, 7, 9, 12], "summary": {"covered_lines": 4, "num_statements": 4, "percent_covered": 100.0, "percent_covered_display": "100", "missing_lines": 0, "excluded_lines": 84, "percent_statements_covered": 100.0, "percent_statements_covered_display": "100"}, "missing_lines": [], "excluded_lines": [29, 30, 31, 32, 33, 34, 35, 36, 37, 38, 39, 40, 41, 42, 43, 45, 46, 47, 48, 49, 50, 51, 52, 53, 54, 55, 56, 58, 59, 60, 61, 62, 63, 64, 65, 66, 68, 69, 70, 71, 72, 73, 74, 75, 76, 77, 78, 79, 80, 81, 82, 84, 85, 86, 87, 88, 89, 90, 91, 92, 93, 94, 95, 97, 98, 99, 100, 101, 102, 103, 104, 105, 107, 108, 109, 110, 111, 112, 113, 114, 115, 116, 117, 118], "functions": {"Repository.create": {"executed_lines": [], "summary": {"covered_lines": 0, "num_statements": 0, "percent_covered": 100.0, "percent_covered_display": "100", "missing_lines": 0, "excluded_lines": 13, "percent_statements_covered": 100.0, "percent_statements_covered_display": "100"}, "missing_lines": [], "excluded_lines": [31, 32, 33, 34, 35, 36, 37, 38, 39, 40, 41, 42, 43], "start_line": 30}, "Repository.get_by_id": {"executed_lines": [], "summary": {"covered_lines": 0, "num_statements": 0, "percent_covered": 100.0, "percent_covered_display": "100", "missing_lines": 0, "excluded_lines": 10, "percent_statements_covered": 100.0, "percent_statements_covered_display": "100"}, "missing_lines": [], "excluded_lines": [47, 48, 49, 50, 51, 52, 53, 54, 55, 56], "start_line": 46}, "Repository.get_all": {"executed_lines": [], "summary": {"covered_lines": 0, "num_statements": 0, "percent_covered": 100.0, "percent_covered_display": "100", "missing_lines": 0, "excluded_lines": 7, "percent_statements_covered": 100.0, "percent_statements_covered_display": "100"}, "missing_lines": [], "excluded_lines": [60, 61, 62, 63, 64, 65, 66], "start_line": 59}, "Repository.update": {"executed_lines": [], "summary": {"covered_lines": 0, "num_statements": 0, "percent_covered": 100.0, "percent_covered_display": "100", "missing_lines": 0, "excluded_lines": 13, "percent_statements_covered": 100.0, "percent_statements_covered_display": "100"}, "missing_lines": [], "excluded_lines": [70, 71, 72, 73, 74, 75, 76, 77, 78, 79, 80, 81, 82], "start_line": 69}, "Repository.delete": {"executed_lines": [], "summary": {"covered_lines": 0, "num_statements": 0, "percent_covered": 100.0, "percent_covered_display": "100", "missing_lines": 0, "excluded_lines": 10, "percent_statements_covered": 100.0, "percent_statements_covered_display": "100"}, "missing_lines": [], "excluded_lines": [86, 87, 88, 89, 90, 91, 92, 93, 94, 95], "start_line": 85}, "Repository.count": {"executed_lines": [], "summary": {"covered_lines": 0, "num_statements": 0, "percent_covered": 100.0, "percent_covered_display": "100", "missing_lines": 0, "excluded_lines": 7, "percent_statements_covered": 100.0, "percent_statements_covered_display": "100"}, "missing_lines": [], "excluded_lines": [99, 100, 101, 102, 103, 104, 105], "start_line": 98}, "Repository.exists": {"executed_lines": [], "summary": {"covered_lines": 0, "num_statements": 0, "percent_covered": 100.0, "percent_covered_display": "100", "missing_lines": 0, "excluded_lines": 10, "percent_statements_covered": 100.0, "percent_statements_covered_display": "100"}, "missing_lines": [], "excluded_lines": [109, 110, 111, 112, 113, 114, 115, 116, 117, 118], "start_line": 108}, "": {"executed_lines": [6, 7, 9, 12], "summary": {"covered_lines": 4, "num_statements": 4, "percent_covered": 100.0, "percent_covered_display": "100", "missing_lines": 0, "excluded_lines": 14, "percent_statements_covered": 100.0, "percent_statements_covered_display": "100"}, "missing_lines": [], "excluded_lines": [29, 30, 45, 46, 58, 59, 68, 69, 84, 85, 97, 98, 107, 108], "start_line": 1}}, "classes": {"Repository": {"executed_lines": [], "summary": {"covered_lines": 0, "num_statements": 0, "percent_covered": 100.0, "percent_covered_display": "100", "missing_lines": 0, "excluded_lines": 70, "percent_statements_covered": 100.0, "percent_statements_covered_display": "100"}, "missing_lines": [], "excluded_lines": [31, 32, 33, 34, 35, 36, 37, 38, 39, 40, 41, 42, 43, 47, 48, 49, 50, 51, 52, 53, 54, 55, 56, 60, 61, 62, 63, 64, 65, 66, 70, 71, 72, 73, 74, 75, 76, 77, 78, 79, 80, 81, 82, 86, 87, 88, 89, 90, 91, 92, 93, 94, 95, 99, 100, 101, 102, 103, 104, 105, 109, 110, 111, 112, 113, 114, 115, 116, 117, 118], "start_line": 12}, "": {"executed_lines": [6, 7, 9, 12], "summary": {"covered_lines": 4, "num_statements": 4, "percent_covered": 100.0, "percent_covered_display": "100", "missing_lines": 0, "excluded_lines": 14, "percent_statements_covered": 100.0, "percent_statements_covered_display": "100"}, "missing_lines": [], "excluded_lines": [29, 30, 45, 46, 58, 59, 68, 69, 84, 85, 97, 98, 107, 108], "start_line": 1}}}, "src\\taskflow\\repositories\\comentario_repo.py": {"executed_lines": [6, 7, 9, 10, 13, 31, 36, 54, 66, 75, 95, 110, 119, 131, 149, 164, 176], "summary": {"covered_lines": 17, "num_statements": 45, "percent_covered": 37.77777777777778, "percent_covered_display": "38", "missing_lines": 28, "excluded_lines": 0, "percent_statements_covered": 37.77777777777778, "percent_statements_covered_display": "38"}, "missing_lines": [33, 34, 46, 47, 49, 50, 52, 64, 73, 89, 90, 92, 93, 105, 106, 107, 108, 117, 129, 141, 146, 147, 159, 174, 188, 192, 193, 194], "excluded_lines": [], "functions": {"ComentarioRepository.__init__": {"executed_lines": [], "summary": {"covered_lines": 0, "num_statements": 2, "percent_covered": 0.0, "percent_covered_display": "0", "missing_lines": 2, "excluded_lines": 0, "percent_statements_covered": 0.0, "percent_statements_covered_display": "0"}, "missing_lines": [33, 34], "excluded_lines": [], "start_line": 31}, "ComentarioRepository.create": {"executed_lines": [], "summary": {"covered_lines": 0, "num_statements": 5, "percent_covered": 0.0, "percent_covered_display": "0", "missing_lines": 5, "excluded_lines": 0, "percent_statements_covered": 0.0, "percent_statements_covered_display": "0"}, "missing_lines": [46, 47, 49, 50, 52], "excluded_lines": [], "start_line": 36}, "ComentarioRepository.get_by_id": {"executed_lines": [], "summary": {"covered_lines": 0, "num_statements": 1, "percent_covered": 0.0, "percent_covered_display": "0", "missing_lines": 1, "excluded_lines": 0, "percent_statements_covered": 0.0, "percent_statements_covered_display": "0"}, "missing_lines": [64], "excluded_lines": [], "start_line": 54}, "ComentarioRepository.get_all": {"executed_lines": [], "summary": {"covered_lines": 0, "num_statements": 1, "percent_covered": 0.0, "percent_covered_display": "0", "missing_lines": 1, "excluded_lines": 0, "percent_statements_covered": 0.0, "percent_statements_covered_display": "0"}, "missing_lines": [73], "excluded_lines": [], "start_line": 66}, "ComentarioRepository.update": {"executed_lines": [], "summary": {"covered_lines": 0, "num_statements": 4, "percent_covered": 0.0, "percent_covered_display": "0", "missing_lines": 4, "excluded_lines": 0, "percent_statements_covered": 0.0, "percent_statements_covered_display": "0"}, "missing_lines": [89, 90, 92, 93], "excluded_lines": [], "start_line": 75}, "ComentarioRepository.delete": {"executed_lines": [], "summary": {"covered_lines": 0, "num_statements": 4, "percent_covered": 0.0, "percent_covered_display": "0", "missing_lines": 4, "excluded_lines": 0, "percent_statements_covered": 0.0, "percent_statements_covered_display": "0"}, "missing_lines": [105, 106, 107, 108], "excluded_lines": [], "start_line": 95}, "ComentarioRepository.count": {"executed_lines": [], "summary": {"covered_lines": 0, "num_statements": 1, "percent_covered": 0.0, "percent_covered_display": "0", "missing_lines": 1, "excluded_lines": 0, "percent_statements_covered": 0.0, "percent_statements_covered_display": "0"}, "missing_lines": [117], "excluded_lines": [], "start_line": 110}, "ComentarioRepository.exists": {"executed_lines": [], "summary": {"covered_lines": 0, "num_statements": 1, "percent_covered": 0.0, "percent_covered_display": "0", "missing_lines": 1, "excluded_lines": 0, "percent_statements_covered": 0.0, "percent_statements_covered_display": "0"}, "missing_lines": [129], "excluded_lines": [], "start_line": 119}, "ComentarioRepository.get_by_tarea": {"executed_lines": [], "summary": {"covered_lines": 0, "num_statements": 3, "percent_covered": 0.0, "percent_covered_display": "0", "missing_lines": 3, "excluded_lines": 0, "percent_statements_covered": 0.0, "percent_statements_covered_display": "0"}, "missing_lines": [141, 146, 147], "excluded_lines": [], "start_line": 131}, "ComentarioRepository.get_by_usuario": {"executed_lines": [], "summary": {"covered_lines": 0, "num_statements": 1, "percent_covered": 0.0, "percent_covered_display": "0", "missing_lines": 1, "excluded_lines": 0, "percent_statements_covered": 0.0, "percent_statements_covered_display": "0"}, "missing_lines": [159], "excluded_lines": [], "start_line": 149}, "ComentarioRepository.count_by_tarea": {"executed_lines": [], "summary": {"covered_lines": 0, "num_statements": 1, "percent_covered": 0.0, "percent_covered_display": "0", "missing_lines": 1, "excluded_lines": 0, "percent_statements_covered": 0.0, "percent_statements_covered_display": "0"}, "missing_lines": [174], "excluded_lines": [], "start_line": 164}, "ComentarioRepository.delete_by_tarea": {"executed_lines": [], "summary": {"covered_lines": 0, "num_statements": 4, "percent_covered": 0.0, "percent_covered_display": "0", "missing_lines": 4, "excluded_lines": 0, "percent_statements_covered": 0.0, "percent_statements_covered_display": "0"}, "missing_lines": [188, 192, 193, 194], "excluded_lines": [], "start_line": 176}, "": {"executed_lines": [6, 7, 9, 10, 13, 31, 36, 54, 66, 75, 95, 110, 119, 131, 149, 164, 176], "summary": {"covered_lines": 17, "num_statements": 17, "percent_covered": 100.0, "percent_covered_display": "100", "missing_lines": 0, "excluded_lines": 0, "percent_statements_covered": 100.0, "percent_statements_covered_display": "100"}, "missing_lines": [], "excluded_lines": [], "start_line": 1}}, "classes": {"ComentarioRepository": {"executed_lines": [], "summary": {"covered_lines": 0, "num_statements": 28, "percent_covered": 0.0, "percent_covered_display": "0", "missing_lines": 28, "excluded_lines": 0, "percent_statements_covered": 0.0, "percent_statements_covered_display": "0"}, "missing_lines": [33, 34, 46, 47, 49, 50, 52, 64, 73, 89, 90, 92, 93, 105, 106, 107, 108, 117, 129, 141, 146, 147, 159, 174, 188, 192, 193, 194], "excluded_lines": [], "start_line": 13}, "": {"executed_lines": [6, 7, 9, 10, 13, 31, 36, 54, 66, 75, 95, 110, 119, 131, 149, 164, 176], "summary": {"covered_lines": 17, "num_statements": 17, "percent_covered": 100.0, "percent_covered_display": "100", "missing_lines": 0, "excluded_lines": 0, "percent_statements_covered": 100.0, "percent_statements_covered_display": "100"}, "missing_lines": [], "excluded_lines": [], "start_line": 1}}}, "src\\taskflow\\repositories\\proyecto_repo.py": {"executed_lines": [6, 7, 9, 10, 13, 31, 33, 34, 36, 55, 67, 76, 93, 108, 117, 129, 144, 159, 168, 177, 186], "summary": {"covered_lines": 21, "num_statements": 46, "percent_covered": 45.65217391304348, "percent_covered_display": "46", "missing_lines": 25, "excluded_lines": 0, "percent_statements_covered": 45.65217391304348, "percent_statements_covered_display": "46"}, "missing_lines": [46, 47, 48, 50, 51, 53, 65, 74, 86, 87, 89, 90, 91, 103, 104, 105, 106, 115, 127, 139, 154, 166, 175, 184, 199], "excluded_lines": [], "functions": {"ProyectoRepository.__init__": {"executed_lines": [33, 34], "summary": {"covered_lines": 2, "num_statements": 2, "percent_covered": 100.0, "percent_covered_display": "100", "missing_lines": 0, "excluded_lines": 0, "percent_statements_covered": 100.0, "percent_statements_covered_display": "100"}, "missing_lines": [], "excluded_lines": [], "start_line": 31}, "ProyectoRepository.create": {"executed_lines": [], "summary": {"covered_lines": 0, "num_statements": 6, "percent_covered": 0.0, "percent_covered_display": "0", "missing_lines": 6, "excluded_lines": 0, "percent_statements_covered": 0.0, "percent_statements_covered_display": "0"}, "missing_lines": [46, 47, 48, 50, 51, 53], "excluded_lines": [], "start_line": 36}, "ProyectoRepository.get_by_id": {"executed_lines": [], "summary": {"covered_lines": 0, "num_statements": 1, "percent_covered": 0.0, "percent_covered_display": "0", "missing_lines": 1, "excluded_lines": 0, "percent_statements_covered": 0.0, "percent_statements_covered_display": "0"}, "missing_lines": [65], "excluded_lines": [], "start_line": 55}, "ProyectoRepository.get_all": {"executed_lines": [], "summary": {"covered_lines": 0, "num_statements": 1, "percent_covered": 0.0, "percent_covered_display": "0", "missing_lines": 1, "excluded_lines": 0, "percent_statements_covered": 0.0, "percent_statements_covered_display": "0"}, "missing_lines": [74], "excluded_lines": [], "start_line": 67}, "ProyectoRepository.update": {"executed_lines": [], "summary": {"covered_lines": 0, "num_statements": 5, "percent_covered": 0.0, "percent_covered_display": "0", "missing_lines": 5, "excluded_lines": 0, "percent_statements_covered": 0.0, "percent_statements_covered_display": "0"}, "missing_lines": [86, 87, 89, 90, 91], "excluded_lines": [], "start_line": 76}, "ProyectoRepository.delete": {"executed_lines": [], "summary": {"covered_lines": 0, "num_statements": 4, "percent_covered": 0.0, "percent_covered_display": "0", "missing_lines": 4, "excluded_lines": 0, "percent_statements_covered": 0.0, "percent_statements_covered_display": "0"}, "missing_lines": [103, 104, 105, 106], "excluded_lines": [], "start_line": 93}, "ProyectoRepository.count": {"executed_lines": [], "summary": {"covered_lines": 0, "num_statements": 1, "percent_covered": 0.0, "percent_covered_display": "0", "missing_lines": 1, "excluded_lines": 0, "percent_statements_covered": 0.0, "percent_statements_covered_display": "0"}, "missing_lines": [115], "excluded_lines": [], "start_line": 108}, "ProyectoRepository.exists": {"executed_lines": [], "summary": {"covered_lines": 0, "num_statements": 1, "percent_covered": 0.0, "percent_covered_display": "0", "missing_lines": 1, "excluded_lines": 0, "percent_statements_covered": 0.0, "percent_statements_covered_display": "0"}, "missing_lines": [127], "excluded_lines": [], "start_line": 117}, "ProyectoRepository.get_by_usuario": {"executed_lines": [], "summary": {"covered_lines": 0, "num_statements": 1, "percent_covered": 0.0, "percent_covered_display": "0", "missing_lines": 1, "excluded_lines": 0, "percent_statements_covered": 0.0, "percent_statements_covered_display": "0"}, "missing_lines": [139], "excluded_lines": [], "start_line": 129}, "ProyectoRepository.get_by_estado": {"executed_lines": [], "summary": {"covered_lines": 0, "num_statements": 1, "percent_covered": 0.0, "percent_covered_display": "0", "missing_lines": 1, "excluded_lines": 0, "percent_statements_covered": 0.0, "percent_statements_covered_display": "0"}, "missing_lines": [154], "excluded_lines": [], "start_line": 144}, "ProyectoRepository.get_activos": {"executed_lines": [], "summary": {"covered_lines": 0, "num_statements": 1, "percent_covered": 0.0, "percent_covered_display": "0", "missing_lines": 1, "excluded_lines": 0, "percent_statements_covered": 0.0, "percent_statements_covered_display": "0"}, "missing_lines": [166], "excluded_lines": [], "start_line": 159}, "ProyectoRepository.get_archivados": {"executed_lines": [], "summary": {"covered_lines": 0, "num_statements": 1, "percent_covered": 0.0, "percent_covered_display": "0", "missing_lines": 1, "excluded_lines": 0, "percent_statements_covered": 0.0, "percent_statements_covered_display": "0"}, "missing_lines": [175], "excluded_lines": [], "start_line": 168}, "ProyectoRepository.get_completados": {"executed_lines": [], "summary": {"covered_lines": 0, "num_statements": 1, "percent_covered": 0.0, "percent_covered_display": "0", "missing_lines": 1, "excluded_lines": 0, "percent_statements_covered": 0.0, "percent_statements_covered_display": "0"}, "missing_lines": [184], "excluded_lines": [], "start_line": 177}, "ProyectoRepository.get_by_usuario_y_estado": {"executed_lines": [], "summary": {"covered_lines": 0, "num_statements": 1, "percent_covered": 0.0, "percent_covered_display": "0", "missing_lines": 1, "excluded_lines": 0, "percent_statements_covered": 0.0, "percent_statements_covered_display": "0"}, "missing_lines": [199], "excluded_lines": [], "start_line": 186}, "": {"executed_lines": [6, 7, 9, 10, 13, 31, 36, 55, 67, 76, 93, 108, 117, 129, 144, 159, 168, 177, 186], "summary": {"covered_lines": 19, "num_statements": 19, "percent_covered": 100.0, "percent_covered_display": "100", "missing_lines": 0, "excluded_lines": 0, "percent_statements_covered": 100.0, "percent_statements_covered_display": "100"}, "missing_lines": [], "excluded_lines": [], "start_line": 1}}, "classes": {"ProyectoRepository": {"executed_lines": [33, 34], "summary": {"covered_lines": 2, "num_statements": 27, "percent_covered": 7.407407407407407, "percent_covered_display": "7", "missing_lines": 25, "excluded_lines": 0, "percent_statements_covered": 7.407407407407407, "percent_statements_covered_display": "7"}, "missing_lines": [46, 47, 48, 50, 51, 53, 65, 74, 86, 87, 89, 90, 91, 103, 104, 105, 106, 115, 127, 139, 154, 166, 175, 184, 199], "excluded_lines": [], "start_line": 13}, "": {"executed_lines": [6, 7, 9, 10, 13, 31, 36, 55, 67, 76, 93, 108, 117, 129, 144, 159, 168, 177, 186], "summary": {"covered_lines": 19, "num_statements": 19, "percent_covered": 100.0, "percent_covered_display": "100", "missing_lines": 0, "excluded_lines": 0, "percent_statements_covered": 100.0, "percent_statements_covered_display": "100"}, "missing_lines": [], "excluded_lines": [], "start_line": 1}}}, "src\\taskflow\\repositories\\tarea_repo.py": {"executed_lines": [6, 7, 9, 10, 13, 31, 33, 34, 36, 55, 65, 67, 76, 93, 108, 117, 129, 144, 159, 174, 189, 204, 208, 212, 216, 229, 248], "summary": {"covered_lines": 27, "num_statements": 59, "percent_covered": 45.76271186440678, "percent_covered_display": "46", "missing_lines": 32, "excluded_lines": 0, "percent_statements_covered": 45.76271186440678, "percent_statements_covered_display": "46"}, "missing_lines": [46, 47, 48, 50, 51, 53, 74, 86, 87, 89, 90, 91, 103, 104, 105, 106, 115, 127, 139, 154, 169, 184, 199, 206, 210, 214, 223, 224, 239, 241, 242, 261], "excluded_lines": [], "functions": {"TareaRepository.__init__": {"executed_lines": [33, 34], "summary": {"covered_lines": 2, "num_statements": 2, "percent_covered": 100.0, "percent_covered_display": "100", "missing_lines": 0, "excluded_lines": 0, "percent_statements_covered": 100.0, "percent_statements_covered_display": "100"}, "missing_lines": [], "excluded_lines": [], "start_line": 31}, "TareaRepository.create": {"executed_lines": [], "summary": {"covered_lines": 0, "num_statements": 6, "percent_covered": 0.0, "percent_covered_display": "0", "missing_lines": 6, "excluded_lines": 0, "percent_statements_covered": 0.0, "percent_statements_covered_display": "0"}, "missing_lines": [46, 47, 48, 50, 51, 53], "excluded_lines": [], "start_line": 36}, "TareaRepository.get_by_id": {"executed_lines": [65], "summary": {"covered_lines": 1, "num_statements": 1, "percent_covered": 100.0, "percent_covered_display": "100", "missing_lines": 0, "excluded_lines": 0, "percent_statements_covered": 100.0, "percent_statements_covered_display": "100"}, "missing_lines": [], "excluded_lines": [], "start_line": 55}, "TareaRepository.get_all": {"executed_lines": [], "summary": {"covered_lines": 0, "num_statements": 1, "percent_covered": 0.0, "percent_covered_display": "0", "missing_lines": 1, "excluded_lines": 0, "percent_statements_covered": 0.0, "percent_statements_covered_display": "0"}, "missing_lines": [74], "excluded_lines": [], "start_line": 67}, "TareaRepository.update": {"executed_lines": [], "summary": {"covered_lines": 0, "num_statements": 5, "percent_covered": 0.0, "percent_covered_display": "0", "missing_lines": 5, "excluded_lines": 0, "percent_statements_covered": 0.0, "percent_statements_covered_display": "0"}, "missing_lines": [86, 87, 89, 90, 91], "excluded_lines": [], "start_line": 76}, "TareaRepository.delete": {"executed_lines": [], "summary": {"covered_lines": 0, "num_statements": 4, "percent_covered": 0.0, "percent_covered_display": "0", "missing_lines": 4, "excluded_lines": 0, "percent_statements_covered": 0.0, "percent_statements_covered_display": "0"}, "missing_lines": [103, 104, 105, 106], "excluded_lines": [], "start_line": 93}, "TareaRepository.count": {"executed_lines": [], "summary": {"covered_lines": 0, "num_statements": 1, "percent_covered": 0.0, "percent_covered_display": "0", "missing_lines": 1, "excluded_lines": 0, "percent_statements_covered": 0.0, "percent_statements_covered_display": "0"}, "missing_lines": [115], "excluded_lines": [], "start_line": 108}, "TareaRepository.exists": {"executed_lines": [], "summary": {"covered_lines": 0, "num_statements": 1, "percent_covered": 0.0, "percent_covered_display": "0", "missing_lines": 1, "excluded_lines": 0, "percent_statements_covered": 0.0, "percent_statements_covered_display": "0"}, "missing_lines": [127], "excluded_lines": [], "start_line": 117}, "TareaRepository.get_by_proyecto": {"executed_lines": [], "summary": {"covered_lines": 0, "num_statements": 1, "percent_covered": 0.0, "percent_covered_display": "0", "missing_lines": 1, "excluded_lines": 0, "percent_statements_covered": 0.0, "percent_statements_covered_display": "0"}, "missing_lines": [139], "excluded_lines": [], "start_line": 129}, "TareaRepository.get_by_asignado": {"executed_lines": [], "summary": {"covered_lines": 0, "num_statements": 1, "percent_covered": 0.0, "percent_covered_display": "0", "missing_lines": 1, "excluded_lines": 0, "percent_statements_covered": 0.0, "percent_statements_covered_display": "0"}, "missing_lines": [154], "excluded_lines": [], "start_line": 144}, "TareaRepository.get_by_creador": {"executed_lines": [], "summary": {"covered_lines": 0, "num_statements": 1, "percent_covered": 0.0, "percent_covered_display": "0", "missing_lines": 1, "excluded_lines": 0, "percent_statements_covered": 0.0, "percent_statements_covered_display": "0"}, "missing_lines": [169], "excluded_lines": [], "start_line": 159}, "TareaRepository.get_by_estado": {"executed_lines": [], "summary": {"covered_lines": 0, "num_statements": 1, "percent_covered": 0.0, "percent_covered_display": "0", "missing_lines": 1, "excluded_lines": 0, "percent_statements_covered": 0.0, "percent_statements_covered_display": "0"}, "missing_lines": [184], "excluded_lines": [], "start_line": 174}, "TareaRepository.get_by_prioridad": {"executed_lines": [], "summary": {"covered_lines": 0, "num_statements": 1, "percent_covered": 0.0, "percent_covered_display": "0", "missing_lines": 1, "excluded_lines": 0, "percent_statements_covered": 0.0, "percent_statements_covered_display": "0"}, "missing_lines": [199], "excluded_lines": [], "start_line": 189}, "TareaRepository.get_pendientes": {"executed_lines": [], "summary": {"covered_lines": 0, "num_statements": 1, "percent_covered": 0.0, "percent_covered_display": "0", "missing_lines": 1, "excluded_lines": 0, "percent_statements_covered": 0.0, "percent_statements_covered_display": "0"}, "missing_lines": [206], "excluded_lines": [], "start_line": 204}, "TareaRepository.get_en_progreso": {"executed_lines": [], "summary": {"covered_lines": 0, "num_statements": 1, "percent_covered": 0.0, "percent_covered_display": "0", "missing_lines": 1, "excluded_lines": 0, "percent_statements_covered": 0.0, "percent_statements_covered_display": "0"}, "missing_lines": [210], "excluded_lines": [], "start_line": 208}, "TareaRepository.get_completadas": {"executed_lines": [], "summary": {"covered_lines": 0, "num_statements": 1, "percent_covered": 0.0, "percent_covered_display": "0", "missing_lines": 1, "excluded_lines": 0, "percent_statements_covered": 0.0, "percent_statements_covered_display": "0"}, "missing_lines": [214], "excluded_lines": [], "start_line": 212}, "TareaRepository.get_vencidas": {"executed_lines": [], "summary": {"covered_lines": 0, "num_statements": 2, "percent_covered": 0.0, "percent_covered_display": "0", "missing_lines": 2, "excluded_lines": 0, "percent_statements_covered": 0.0, "percent_statements_covered_display": "0"}, "missing_lines": [223, 224], "excluded_lines": [], "start_line": 216}, "TareaRepository.get_por_vencer": {"executed_lines": [], "summary": {"covered_lines": 0, "num_statements": 3, "percent_covered": 0.0, "percent_covered_display": "0", "missing_lines": 3, "excluded_lines": 0, "percent_statements_covered": 0.0, "percent_statements_covered_display": "0"}, "missing_lines": [239, 241, 242], "excluded_lines": [], "start_line": 229}, "TareaRepository.get_by_proyecto_y_estado": {"executed_lines": [], "summary": {"covered_lines": 0, "num_statements": 1, "percent_covered": 0.0, "percent_covered_display": "0", "missing_lines": 1, "excluded_lines": 0, "percent_statements_covered": 0.0, "percent_statements_covered_display": "0"}, "missing_lines": [261], "excluded_lines": [], "start_line": 248}, "": {"executed_lines": [6, 7, 9, 10, 13, 31, 36, 55, 67, 76, 93, 108, 117, 129, 144, 159, 174, 189, 204, 208, 212, 216, 229, 248], "summary": {"covered_lines": 24, "num_statements": 24, "percent_covered": 100.0, "percent_covered_display": "100", "missing_lines": 0, "excluded_lines": 0, "percent_statements_covered": 100.0, "percent_statements_covered_display": "100"}, "missing_lines": [], "excluded_lines": [], "start_line": 1}}, "classes": {"TareaRepository": {"executed_lines": [33, 34, 65], "summary": {"covered_lines": 3, "num_statements": 35, "percent_covered": 8.571428571428571, "percent_covered_display": "9", "missing_lines": 32, "excluded_lines": 0, "percent_statements_covered": 8.571428571428571, "percent_statements_covered_display": "9"}, "missing_lines": [46, 47, 48, 50, 51, 53, 74, 86, 87, 89, 90, 91, 103, 104, 105, 106, 115, 127, 139, 154, 169, 184, 199, 206, 210, 214, 223, 224, 239, 241, 242, 261], "excluded_lines": [], "start_line": 13}, "": {"executed_lines": [6, 7, 9, 10, 13, 31, 36, 55, 67, 76, 93, 108, 117, 129, 144, 159, 174, 189, 204, 208, 212, 216, 229, 248], "summary": {"covered_lines": 24, "num_statements": 24, "percent_covered": 100.0, "percent_covered_display": "100", "missing_lines": 0, "excluded_lines": 0, "percent_statements_covered": 100.0, "percent_statements_covered_display": "100"}, "missing_lines": [], "excluded_lines": [], "start_line": 1}}}, "src\\taskflow\\repositories\\usuario_repo.py": {"executed_lines": [6, 7, 9, 10, 13, 31, 33, 34, 36, 50, 54, 58, 59, 60, 63, 64, 66, 68, 80, 89, 121, 136, 145, 157, 167, 169, 179, 181, 193, 195, 196, 197, 198, 200, 202, 203, 205], "summary": {"covered_lines": 37, "num_statements": 61, "percent_covered": 60.65573770491803, "percent_covered_display": "61", "missing_lines": 24, "excluded_lines": 0, "percent_statements_covered": 60.65573770491803, "percent_statements_covered_display": "61"}, "missing_lines": [51, 55, 78, 87, 102, 103, 106, 107, 108, 111, 112, 113, 116, 118, 119, 131, 132, 133, 134, 143, 155, 188, 189, 204], "excluded_lines": [], "functions": {"UsuarioRepository.__init__": {"executed_lines": [33, 34], "summary": {"covered_lines": 2, "num_statements": 2, "percent_covered": 100.0, "percent_covered_display": "100", "missing_lines": 0, "excluded_lines": 0, "percent_statements_covered": 100.0, "percent_statements_covered_display": "100"}, "missing_lines": [], "excluded_lines": [], "start_line": 31}, "UsuarioRepository.create": {"executed_lines": [50, 54, 58, 59, 60, 63, 64, 66], "summary": {"covered_lines": 8, "num_statements": 10, "percent_covered": 80.0, "percent_covered_display": "80", "missing_lines": 2, "excluded_lines": 0, "percent_statements_covered": 80.0, "percent_statements_covered_display": "80"}, "missing_lines": [51, 55], "excluded_lines": [], "start_line": 36}, "UsuarioRepository.get_by_id": {"executed_lines": [], "summary": {"covered_lines": 0, "num_statements": 1, "percent_covered": 0.0, "percent_covered_display": "0", "missing_lines": 1, "excluded_lines": 0, "percent_statements_covered": 0.0, "percent_statements_covered_display": "0"}, "missing_lines": [78], "excluded_lines": [], "start_line": 68}, "UsuarioRepository.get_all": {"executed_lines": [], "summary": {"covered_lines": 0, "num_statements": 1, "percent_covered": 0.0, "percent_covered_display": "0", "missing_lines": 1, "excluded_lines": 0, "percent_statements_covered": 0.0, "percent_statements_covered_display": "0"}, "missing_lines": [87], "excluded_lines": [], "start_line": 80}, "UsuarioRepository.update": {"executed_lines": [], "summary": {"covered_lines": 0, "num_statements": 11, "percent_covered": 0.0, "percent_covered_display": "0", "missing_lines": 11, "excluded_lines": 0, "percent_statements_covered": 0.0, "percent_statements_covered_display": "0"}, "missing_lines": [102, 103, 106, 107, 108, 111, 112, 113, 116, 118, 119], "excluded_lines": [], "start_line": 89}, "UsuarioRepository.delete": {"executed_lines": [], "summary": {"covered_lines": 0, "num_statements": 4, "percent_covered": 0.0, "percent_covered_display": "0", "missing_lines": 4, "excluded_lines": 0, "percent_statements_covered": 0.0, "percent_statements_covered_display": "0"}, "missing_lines": [131, 132, 133, 134], "excluded_lines": [], "start_line": 121}, "UsuarioRepository.count": {"executed_lines": [], "summary": {"covered_lines": 0, "num_statements": 1, "percent_covered": 0.0, "percent_covered_display": "0", "missing_lines": 1, "excluded_lines": 0, "percent_statements_covered": 0.0, "percent_statements_covered_display": "0"}, "missing_lines": [143], "excluded_lines": [], "start_line": 136}, "UsuarioRepository.exists": {"executed_lines": [], "summary": {"covered_lines": 0, "num_statements": 1, "percent_covered": 0.0, "percent_covered_display": "0", "missing_lines": 1, "excluded_lines": 0, "percent_statements_covered": 0.0, "percent_statements_covered_display": "0"}, "missing_lines": [155], "excluded_lines": [], "start_line": 145}, "UsuarioRepository.get_by_username": {"executed_lines": [167], "summary": {"covered_lines": 1, "num_statements": 1, "percent_covered": 100.0, "percent_covered_display": "100", "missing_lines": 0, "excluded_lines": 0, "percent_statements_covered": 100.0, "percent_statements_covered_display": "100"}, "missing_lines": [], "excluded_lines": [], "start_line": 157}, "UsuarioRepository.get_by_email": {"executed_lines": [179], "summary": {"covered_lines": 1, "num_statements": 1, "percent_covered": 100.0, "percent_covered_display": "100", "missing_lines": 0, "excluded_lines": 0, "percent_statements_covered": 100.0, "percent_statements_covered_display": "100"}, "missing_lines": [], "excluded_lines": [], "start_line": 169}, "UsuarioRepository.get_activos": {"executed_lines": [], "summary": {"covered_lines": 0, "num_statements": 2, "percent_covered": 0.0, "percent_covered_display": "0", "missing_lines": 2, "excluded_lines": 0, "percent_statements_covered": 0.0, "percent_statements_covered_display": "0"}, "missing_lines": [188, 189], "excluded_lines": [], "start_line": 181}, "UsuarioRepository._get_by_username": {"executed_lines": [195, 196, 197, 198], "summary": {"covered_lines": 4, "num_statements": 4, "percent_covered": 100.0, "percent_covered_display": "100", "missing_lines": 0, "excluded_lines": 0, "percent_statements_covered": 100.0, "percent_statements_covered_display": "100"}, "missing_lines": [], "excluded_lines": [], "start_line": 193}, "UsuarioRepository._get_by_email": {"executed_lines": [202, 203, 205], "summary": {"covered_lines": 3, "num_statements": 4, "percent_covered": 75.0, "percent_covered_display": "75", "missing_lines": 1, "excluded_lines": 0, "percent_statements_covered": 75.0, "percent_statements_covered_display": "75"}, "missing_lines": [204], "excluded_lines": [], "start_
[...]
ary": {"covered_lines": 18, "num_statements": 18, "percent_covered": 100.0, "percent_covered_display": "100", "missing_lines": 0, "excluded_lines": 0, "percent_statements_covered": 100.0, "percent_statements_covered_display": "100"}, "missing_lines": [], "excluded_lines": [], "start_line": 1}}}, "src\\taskflow\\services\\tarea_service.py": {"executed_lines": [9, 10, 12, 13, 14, 17, 38, 45, 47, 74, 86, 87, 90, 92, 109, 110, 111, 112, 114, 127, 130, 131, 133, 136, 137, 139, 142, 144, 167, 169, 170, 172, 173, 175, 176, 178, 179, 181, 184, 187, 189, 191, 211, 212, 213, 214, 216, 233, 234, 235, 236, 238, 255, 256, 257, 258, 260, 272, 274, 289, 291, 306, 308, 323, 325, 340, 342, 357, 358, 361, 363, 378, 382, 384, 397, 398, 399, 401, 415, 417], "summary": {"covered_lines": 80, "num_statements": 86, "percent_covered": 93.02325581395348, "percent_covered_display": "93", "missing_lines": 6, "excluded_lines": 0, "percent_statements_covered": 93.02325581395348, "percent_statements_covered_display": "93"}, "missing_lines": [88, 134, 140, 182, 185, 379], "excluded_lines": [], "functions": {"TareaService.__init__": {"executed_lines": [45], "summary": {"covered_lines": 1, "num_statements": 1, "percent_covered": 100.0, "percent_covered_display": "100", "missing_lines": 0, "excluded_lines": 0, "percent_statements_covered": 100.0, "percent_statements_covered_display": "100"}, "missing_lines": [], "excluded_lines": [], "start_line": 38}, "TareaService.crear_tarea": {"executed_lines": [74, 86, 87, 90], "summary": {"covered_lines": 4, "num_statements": 5, "percent_covered": 80.0, "percent_covered_display": "80", "missing_lines": 1, "excluded_lines": 0, "percent_statements_covered": 80.0, "percent_statements_covered_display": "80"}, "missing_lines": [88], "excluded_lines": [], "start_line": 47}, "TareaService.obtener_tarea": {"executed_lines": [109, 110, 111, 112], "summary": {"covered_lines": 4, "num_statements": 4, "percent_covered": 100.0, "percent_covered_display": "100", "missing_lines": 0, "excluded_lines": 0, "percent_statements_covered": 100.0, "percent_statements_covered_display": "100"}, "missing_lines": [], "excluded_lines": [], "start_line": 92}, "TareaService.listar_tareas": {"executed_lines": [127, 130, 131, 133, 136, 137, 139, 142], "summary": {"covered_lines": 8, "num_statements": 10, "percent_covered": 80.0, "percent_covered_display": "80", "missing_lines": 2, "excluded_lines": 0, "percent_statements_covered": 80.0, "percent_statements_covered_display": "80"}, "missing_lines": [134, 140], "excluded_lines": [], "start_line": 114}, "TareaService.actualizar_tarea": {"executed_lines": [167, 169, 170, 172, 173, 175, 176, 178, 179, 181, 184, 187, 189], "summary": {"covered_lines": 13, "num_statements": 15, "percent_covered": 86.66666666666667, "percent_covered_display": "87", "missing_lines": 2, "excluded_lines": 0, "percent_statements_covered": 86.66666666666667, "percent_statements_covered_display": "87"}, "missing_lines": [182, 185], "excluded_lines": [], "start_line": 144}, "TareaService.marcar_completada": {"executed_lines": [211, 212, 213, 214], "summary": {"covered_lines": 4, "num_statements": 4, "percent_covered": 100.0, "percent_covered_display": "100", "missing_lines": 0, "excluded_lines": 0, "percent_statements_covered": 100.0, "percent_statements_covered_display": "100"}, "missing_lines": [], "excluded_lines": [], "start_line": 191}, "TareaService.iniciar_tarea": {"executed_lines": [233, 234, 235, 236], "summary": {"covered_lines": 4, "num_statements": 4, "percent_covered": 100.0, "percent_covered_display": "100", "missing_lines": 0, "excluded_lines": 0, "percent_statements_covered": 100.0, "percent_statements_covered_display": "100"}, "missing_lines": [], "excluded_lines": [], "start_line": 216}, "TareaService.cancelar_tarea": {"executed_lines": [255, 256, 257, 258], "summary": {"covered_lines": 4, "num_statements": 4, "percent_covered": 100.0, "percent_covered_display": "100", "missing_lines": 0, "excluded_lines": 0, "percent_statements_covered": 100.0, "percent_statements_covered_display": "100"}, "missing_lines": [], "excluded_lines": [], "start_line": 238}, "TareaService.listar_vencidas": {"executed_lines": [272], "summary": {"covered_lines": 1, "num_statements": 1, "percent_covered": 100.0, "percent_covered_display": "100", "missing_lines": 0, "excluded_lines": 0, "percent_statements_covered": 100.0, "percent_statements_covered_display": "100"}, "missing_lines": [], "excluded_lines": [], "start_line": 260}, "TareaService.listar_por_vencer": {"executed_lines": [289], "summary": {"covered_lines": 1, "num_statements": 1, "percent_covered": 100.0, "percent_covered_display": "100", "missing_lines": 0, "excluded_lines": 0, "percent_statements_covered": 100.0, "percent_statements_covered_display": "100"}, "missing_lines": [], "excluded_lines": [], "start_line": 274}, "TareaService.listar_tareas_proyecto": {"executed_lines": [306], "summary": {"covered_lines": 1, "num_statements": 1, "percent_covered": 100.0, "percent_covered_display": "100", "missing_lines": 0, "excluded_lines": 0, "percent_statements_covered": 100.0, "percent_statements_covered_display": "100"}, "missing_lines": [], "excluded_lines": [], "start_line": 291}, "TareaService.listar_tareas_asignadas": {"executed_lines": [323], "summary": {"covered_lines": 1, "num_statements": 1, "percent_covered": 100.0, "percent_covered_display": "100", "missing_lines": 0, "excluded_lines": 0, "percent_statements_covered": 100.0, "percent_statements_covered_display": "100"}, "missing_lines": [], "excluded_lines": [], "start_line": 308}, "TareaService.listar_tareas_creadas": {"executed_lines": [340], "summary": {"covered_lines": 1, "num_statements": 1, "percent_covered": 100.0, "percent_covered_display": "100", "missing_lines": 0, "excluded_lines": 0, "percent_statements_covered": 100.0, "percent_statements_covered_display": "100"}, "missing_lines": [], "excluded_lines": [], "start_line": 325}, "TareaService.listar_tareas_pendientes": {"executed_lines": [357, 358, 361], "summary": {"covered_lines": 3, "num_statements": 3, "percent_covered": 100.0, "percent_covered_display": "100", "missing_lines": 0, "excluded_lines": 0, "percent_statements_covered": 100.0, "percent_statements_covered_display": "100"}, "missing_lines": [], "excluded_lines": [], "start_line": 342}, "TareaService.listar_tareas_en_progreso": {"executed_lines": [378, 382], "summary": {"covered_lines": 2, "num_statements": 3, "percent_covered": 66.66666666666667, "percent_covered_display": "67", "missing_lines": 1, "excluded_lines": 0, "percent_statements_covered": 66.66666666666667, "percent_statements_covered_display": "67"}, "missing_lines": [379], "excluded_lines": [], "start_line": 363}, "TareaService.contar_tareas": {"executed_lines": [397, 398, 399], "summary": {"covered_lines": 3, "num_statements": 3, "percent_covered": 100.0, "percent_covered_display": "100", "missing_lines": 0, "excluded_lines": 0, "percent_statements_covered": 100.0, "percent_statements_covered_display": "100"}, "missing_lines": [], "excluded_lines": [], "start_line": 384}, "TareaService.obtener_estadisticas_proyecto": {"executed_lines": [415, 417], "summary": {"covered_lines": 2, "num_statements": 2, "percent_covered": 100.0, "percent_covered_display": "100", "missing_lines": 0, "excluded_lines": 0, "percent_statements_covered": 100.0, "percent_statements_covered_display": "100"}, "missing_lines": [], "excluded_lines": [], "start_line": 401}, "": {"executed_lines": [9, 10, 12, 13, 14, 17, 38, 47, 92, 114, 144, 191, 216, 238, 260, 274, 291, 308, 325, 342, 363, 384, 401], "summary": {"covered_lines": 23, "num_statements": 23, "percent_covered": 100.0, "percent_covered_display": "100", "missing_lines": 0, "excluded_lines": 0, "percent_statements_covered": 100.0, "percent_statements_covered_display": "100"}, "missing_lines": [], "excluded_lines": [], "start_line": 1}}, "classes": {"TareaService": {"executed_lines": [45, 74, 86, 87, 90, 109, 110, 111, 112, 127, 130, 131, 133, 136, 137, 139, 142, 167, 169, 170, 172, 173, 175, 176, 178, 179, 181, 184, 187, 189, 211, 212, 213, 214, 233, 234, 235, 236, 255, 256, 257, 258, 272, 289, 306, 323, 340, 357, 358, 361, 378, 382, 397, 398, 399, 415, 417], "summary": {"covered_lines": 57, "num_statements": 63, "percent_covered": 90.47619047619048, "percent_covered_display": "90", "missing_lines": 6, "excluded_lines": 0, "percent_statements_covered": 90.47619047619048, "percent_statements_covered_display": "90"}, "missing_lines": [88, 134, 140, 182, 185, 379], "excluded_lines": [], "start_line": 17}, "": {"executed_lines": [9, 10, 12, 13, 14, 17, 38, 47, 92, 114, 144, 191, 216, 238, 260, 274, 291, 308, 325, 342, 363, 384, 401], "summary": {"covered_lines": 23, "num_statements": 23, "percent_covered": 100.0, "percent_covered_display": "100", "missing_lines": 0, "excluded_lines": 0, "percent_statements_covered": 100.0, "percent_statements_covered_display": "100"}, "missing_lines": [], "excluded_lines": [], "start_line": 1}}}, "src\\taskflow\\services\\usuario_service.py": {"executed_lines": [9, 10, 11, 13, 14, 15, 18, 35, 42, 44, 72, 73, 76, 77, 80, 83, 93, 94, 97, 99, 120, 121, 122, 124, 125, 127, 128, 130, 132, 149, 150, 151, 152, 154, 177, 179, 180, 182, 185, 187, 189, 210, 212, 213, 215, 216, 218, 219, 220, 222, 234, 236, 247, 249, 265, 266, 268, 282], "summary": {"covered_lines": 58, "num_statements": 60, "percent_covered": 96.66666666666667, "percent_covered_display": "97", "missing_lines": 2, "excluded_lines": 0, "percent_statements_covered": 96.66666666666667, "percent_statements_covered_display": "97"}, "missing_lines": [95, 183], "excluded_lines": [], "functions": {"UsuarioService.__init__": {"executed_lines": [42], "summary": {"covered_lines": 1, "num_statements": 1, "percent_covered": 100.0, "percent_covered_display": "100", "missing_lines": 0, "excluded_lines": 0, "percent_statements_covered": 100.0, "percent_statements_covered_display": "100"}, "missing_lines": [], "excluded_lines": [], "start_line": 35}, "UsuarioService.crear_usuario": {"executed_lines": [72, 73, 76, 77, 80, 83, 93, 94, 97], "summary": {"covered_lines": 9, "num_statements": 10, "percent_covered": 90.0, "percent_covered_display": "90", "missing_lines": 1, "excluded_lines": 0, "percent_statements_covered": 90.0, "percent_statements_covered_display": "90"}, "missing_lines": [95], "excluded_lines": [], "start_line": 44}, "UsuarioService.autenticar": {"executed_lines": [120, 121, 122, 124, 125, 127, 128, 130], "summary": {"covered_lines": 8, "num_statements": 8, "percent_covered": 100.0, "percent_covered_display": "100", "missing_lines": 0, "excluded_lines": 0, "percent_statements_covered": 100.0, "percent_statements_covered_display": "100"}, "missing_lines": [], "excluded_lines": [], "start_line": 99}, "UsuarioService.obtener_usuario": {"executed_lines": [149, 150, 151, 152], "summary": {"covered_lines": 4, "num_statements": 4, "percent_covered": 100.0, "percent_covered_display": "100", "missing_lines": 0, "excluded_lines": 0, "percent_statements_covered": 100.0, "percent_statements_covered_display": "100"}, "missing_lines": [], "excluded_lines": [], "start_line": 132}, "UsuarioService.actualizar_usuario": {"executed_lines": [177, 179, 180, 182, 185, 187], "summary": {"covered_lines": 6, "num_statements": 7, "percent_covered": 85.71428571428571, "percent_covered_display": "86", "missing_lines": 1, "excluded_lines": 0, "percent_statements_covered": 85.71428571428571, "percent_statements_covered_display": "86"}, "missing_lines": [183], "excluded_lines": [], "start_line": 154}, "UsuarioService.cambiar_password": {"executed_lines": [210, 212, 213, 215, 216, 218, 219, 220], "summary": {"covered_lines": 8, "num_statements": 8, "percent_covered": 100.0, "percent_covered_display": "100", "missing_lines": 0, "excluded_lines": 0, "percent_statements_covered": 100.0, "percent_statements_covered_display": "100"}, "missing_lines": [], "excluded_lines": [], "start_line": 189}, "UsuarioService.listar_activos": {"executed_lines": [234], "summary": {"covered_lines": 1, "num_statements": 1, "percent_covered": 100.0, "percent_covered_display": "100", "missing_lines": 0, "excluded_lines": 0, "percent_statements_covered": 100.0, "percent_statements_covered_display": "100"}, "missing_lines": [], "excluded_lines": [], "start_line": 222}, "UsuarioService.listar_todos": {"executed_lines": [247], "summary": {"covered_lines": 1, "num_statements": 1, "percent_covered": 100.0, "percent_covered_display": "100", "missing_lines": 0, "excluded_lines": 0, "percent_statements_covered": 100.0, "percent_statements_covered_display": "100"}, "missing_lines": [], "excluded_lines": [], "start_line": 236}, "UsuarioService._hash_password": {"executed_lines": [265, 266], "summary": {"covered_lines": 2, "num_statements": 2, "percent_covered": 100.0, "percent_covered_display": "100", "missing_lines": 0, "excluded_lines": 0, "percent_statements_covered": 100.0, "percent_statements_covered_display": "100"}, "missing_lines": [], "excluded_lines": [], "start_line": 249}, "UsuarioService._verify_password": {"executed_lines": [282], "summary": {"covered_lines": 1, "num_statements": 1, "percent_covered": 100.0, "percent_covered_display": "100", "missing_lines": 0, "excluded_lines": 0, "percent_statements_covered": 100.0, "percent_statements_covered_display": "100"}, "missing_lines": [], "excluded_lines": [], "start_line": 268}, "": {"executed_lines": [9, 10, 11, 13, 14, 15, 18, 35, 44, 99, 132, 154, 189, 222, 236, 249, 268], "summary": {"covered_lines": 17, "num_statements": 17, "percent_covered": 100.0, "percent_covered_display": "100", "missing_lines": 0, "excluded_lines": 0, "percent_statements_covered": 100.0, "percent_statements_covered_display": "100"}, "missing_lines": [], "excluded_lines": [], "start_line": 1}}, "classes": {"UsuarioService": {"executed_lines": [42, 72, 73, 76, 77, 80, 83, 93, 94, 97, 120, 121, 122, 124, 125, 127, 128, 130, 149, 150, 151, 152, 177, 179, 180, 182, 185, 187, 210, 212, 213, 215, 216, 218, 219, 220, 234, 247, 265, 266, 282], "summary": {"covered_lines": 41, "num_statements": 43, "percent_covered": 95.34883720930233, "percent_covered_display": "95", "missing_lines": 2, "excluded_lines": 0, "percent_statements_covered": 95.34883720930233, "percent_statements_covered_display": "95"}, "missing_lines": [95, 183], "excluded_lines": [], "start_line": 18}, "": {"executed_lines": [9, 10, 11, 13, 14, 15, 18, 35, 44, 99, 132, 154, 189, 222, 236, 249, 268], "summary": {"covered_lines": 17, "num_statements": 17, "percent_covered": 100.0, "percent_covered_display": "100", "missing_lines": 0, "excluded_lines": 0, "percent_statements_covered": 100.0, "percent_statements_covered_display": "100"}, "missing_lines": [], "excluded_lines": [], "start_line": 1}}}, "src\\taskflow\\templates_utils\\filters.py": {"executed_lines": [], "summary": {"covered_lines": 0, "num_statements": 65, "percent_covered": 0.0, "percent_covered_display": "0", "missing_lines": 65, "excluded_lines": 0, "percent_statements_covered": 0.0, "percent_statements_covered_display": "0"}, "missing_lines": [6, 9, 25, 31, 34, 50, 56, 59, 75, 81, 84, 100, 106, 109, 124, 125, 126, 127, 128, 129, 130, 131, 134, 149, 150, 151, 152, 153, 154, 157, 171, 172, 173, 175, 176, 177, 178, 180, 182, 183, 184, 185, 186, 187, 188, 189, 190, 191, 192, 194, 195, 196, 199, 215, 216, 217, 221, 233, 234, 235, 236, 237, 238, 239, 240], "excluded_lines": [], "functions": {"prioridad_badge_color": {"executed_lines": [], "summary": {"covered_lines": 0, "num_statements": 2, "percent_covered": 0.0, "percent_covered_display": "0", "missing_lines": 2, "excluded_lines": 0, "percent_statements_covered": 0.0, "percent_statements_covered_display": "0"}, "missing_lines": [25, 31], "excluded_lines": [], "start_line": 9}, "estado_badge_color": {"executed_lines": [], "summary": {"covered_lines": 0, "num_statements": 2, "percent_covered": 0.0, "percent_covered_display": "0", "missing_lines": 2, "excluded_lines": 0, "percent_statements_covered": 0.0, "percent_statements_covered_display": "0"}, "missing_lines": [50, 56], "excluded_lines": [], "start_line": 34}, "prioridad_icon": {"executed_lines": [], "summary": {"covered_lines": 0, "num_statements": 2, "percent_covered": 0.0, "percent_covered_display": "0", "missing_lines": 2, "excluded_lines": 0, "percent_statements_covered": 0.0, "percent_statements_covered_display": "0"}, "missing_lines": [75, 81], "excluded_lines": [], "start_line": 59}, "estado_icon": {"executed_lines": [], "summary": {"covered_lines": 0, "num_statements": 2, "percent_covered": 0.0, "percent_covered_display": "0", "missing_lines": 2, "excluded_lines": 0, "percent_statements_covered": 0.0, "percent_statements_covered_display": "0"}, "missing_lines": [100, 106], "excluded_lines": [], "start_line": 84}, "formatear_fecha": {"executed_lines": [], "summary": {"covered_lines": 0, "num_statements": 8, "percent_covered": 0.0, "percent_covered_display": "0", "missing_lines": 8, "excluded_lines": 0, "percent_statements_covered": 0.0, "percent_statements_covered_display": "0"}, "missing_lines": [124, 125, 126, 127, 128, 129, 130, 131], "excluded_lines": [], "start_line": 109}, "truncate_words": {"executed_lines": [], "summary": {"covered_lines": 0, "num_statements": 6, "percent_covered": 0.0, "percent_covered_display": "0", "missing_lines": 6, "excluded_lines": 0, "percent_statements_covered": 0.0, "percent_statements_covered_display": "0"}, "missing_lines": [149, 150, 151, 152, 153, 154], "excluded_lines": [], "start_line": 134}, "formatear_relativo": {"executed_lines": [], "summary": {"covered_lines": 0, "num_statements": 22, "percent_covered": 0.0, "percent_covered_display": "0", "missing_lines": 22, "excluded_lines": 0, "percent_statements_covered": 0.0, "percent_statements_covered_display": "0"}, "missing_lines": [171, 172, 173, 175, 176, 177, 178, 180, 182, 183, 184, 185, 186, 187, 188, 189, 190, 191, 192, 194, 195, 196], "excluded_lines": [], "start_line": 157}, "inicial_nombre": {"executed_lines": [], "summary": {"covered_lines": 0, "num_statements": 3, "percent_covered": 0.0, "percent_covered_display": "0", "missing_lines": 3, "excluded_lines": 0, "percent_statements_covered": 0.0, "percent_statements_covered_display": "0"}, "missing_lines": [215, 216, 217], "excluded_lines": [], "start_line": 199}, "register_filters": {"executed_lines": [], "summary": {"covered_lines": 0, "num_statements": 8, "percent_covered": 0.0, "percent_covered_display": "0", "missing_lines": 8, "excluded_lines": 0, "percent_statements_covered": 0.0, "percent_statements_covered_display": "0"}, "missing_lines": [233, 234, 235, 236, 237, 238, 239, 240], "excluded_lines": [], "start_line": 221}, "": {"executed_lines": [], "summary": {"covered_lines": 0, "num_statements": 10, "percent_covered": 0.0, "percent_covered_display": "0", "missing_lines": 10, "excluded_lines": 0, "percent_statements_covered": 0.0, "percent_statements_covered_display": "0"}, "missing_lines": [6, 9, 34, 59, 84, 109, 134, 157, 199, 221], "excluded_lines": [], "start_line": 1}}, "classes": {"": {"executed_lines": [], "summary": {"covered_lines": 0, "num_statements": 65, "percent_covered": 0.0, "percent_covered_display": "0", "missing_lines": 65, "excluded_lines": 0, "percent_statements_covered": 0.0, "percent_statements_covered_display": "0"}, "missing_lines": [6, 9, 25, 31, 34, 50, 56, 59, 75, 81, 84, 100, 106, 109, 124, 125, 126, 127, 128, 129, 130, 131, 134, 149, 150, 151, 152, 153, 154, 157, 171, 172, 173, 175, 176, 177, 178, 180, 182, 183, 184, 185, 186, 187, 188, 189, 190, 191, 192, 194, 195, 196, 199, 215, 216, 217, 221, 233, 234, 235, 236, 237, 238, 239, 240], "excluded_lines": [], "start_line": 1}}}}, "totals": {"covered_lines": 846, "num_statements": 1145, "percent_covered": 73.88646288209607, "percent_covered_display": "74", "missing_lines": 299, "excluded_lines": 96, "percent_statements_covered": 73.88646288209607, "percent_statements_covered_display": "74"}}